2023-10-07 22:45:16,878 [INFO] Activator:176 - 


2023-10-07 22:45:16,880 [INFO] Activator:177 - !SESSION log4j initialized
2023-10-07 22:45:18,286 [INFO] LogOutputStream:77 - [STDOUT_REDIRECT] 
2023-10-07 22:45:19,581 [INFO] ApplicationProperties:184 - Using Application install path: /opt/st/stm32cubeide_1.13.2/plugins/com.st.stm32cube.common.mx_6.9.2.202309101412
2023-10-07 22:45:19,592 [INFO] DbMcusXml:78 - Set database path to: /opt/st/stm32cubeide_1.13.2/plugins/com.st.stm32cube.common.mx_6.9.2.202309101412//db//mcu/
2023-10-07 22:45:19,593 [INFO] ApiDb:274 - Set plugin database path to: /opt/st/stm32cubeide_1.13.2/plugins/com.st.stm32cube.common.mx_6.9.2.202309101412//db//plugins/boardmanager/
2023-10-07 22:45:19,593 [WARN] ApiDb:259 - Overriding images path with different value:  => /opt/st/stm32cubeide_1.13.2/plugins/com.st.stm32cube.common.mx_6.9.2.202309101412//db//plugins/mcufinder/images/
2023-10-07 22:45:19,600 [INFO] ApiDb:250 - Set database path to: /home/khoi/.stmcufinder/plugins/mcufinder//mcu/
2023-10-07 22:45:19,601 [INFO] DbMcusAds:125 - Set database path to: /home/khoi/.stmcufinder/plugins/mcufinder//mcu/
2023-10-07 22:45:19,603 [INFO] CrossReferenceDbSqlite:203 - Set database path to: /home/khoi/.stmcufinder/plugins/mcufinder//mcu/cs/
2023-10-07 22:45:19,682 [INFO] RulesReader:64 - Compatibility file has been processed (293 Rules)
2023-10-07 22:45:19,729 [INFO] DbMcusXml:78 - Set database path to: /opt/st/stm32cubeide_1.13.2/plugins/com.st.stm32cube.common.mx_6.9.2.202309101412//db//mcu/
2023-10-07 22:45:19,729 [INFO] ApiDb:274 - Set plugin database path to: /opt/st/stm32cubeide_1.13.2/plugins/com.st.stm32cube.common.mx_6.9.2.202309101412//db//plugins/boardmanager/
2023-10-07 22:45:19,730 [INFO] ApiDb:261 - Set plugin images path to: /opt/st/stm32cubeide_1.13.2/plugins/com.st.stm32cube.common.mx_6.9.2.202309101412//db//plugins/mcufinder/images/
2023-10-07 22:45:19,730 [WARN] DbFile:41 - Overriding database path with different value: /home/khoi/.stmcufinder/plugins/mcufinder/ => /home/khoi/.stmcufinder/plugins/mcufinder
2023-10-07 22:45:19,730 [INFO] ApiDb:250 - Set database path to: /home/khoi/.stmcufinder/plugins/mcufinder//mcu/
2023-10-07 22:45:19,730 [WARN] DbFile:41 - Overriding database path with different value: /home/khoi/.stmcufinder/plugins/mcufinder/ => /home/khoi/.stmcufinder/plugins/mcufinder
2023-10-07 22:45:19,730 [INFO] DbMcusAds:125 - Set database path to: /home/khoi/.stmcufinder/plugins/mcufinder//mcu/
2023-10-07 22:45:19,730 [WARN] DbFile:41 - Overriding database path with different value: /home/khoi/.stmcufinder/plugins/mcufinder/ => /home/khoi/.stmcufinder/plugins/mcufinder
2023-10-07 22:45:19,730 [WARN] DbFile:41 - Overriding database path with different value: /home/khoi/.stmcufinder/plugins/mcufinder/ => /home/khoi/.stmcufinder/plugins/mcufinder
2023-10-07 22:45:19,731 [INFO] CrossReferenceDbSqlite:203 - Set database path to: /home/khoi/.stmcufinder/plugins/mcufinder//mcu/cs/
2023-10-07 22:45:19,777 [INFO] MainPanel:262 - HeapMemory: 268435456
2023-10-07 22:45:19,835 [INFO] DbMcusXml:78 - Set database path to: /opt/st/stm32cubeide_1.13.2/plugins/com.st.stm32cube.common.mx_6.9.2.202309101412//db//mcu/
2023-10-07 22:45:19,835 [INFO] ApiDb:274 - Set plugin database path to: /opt/st/stm32cubeide_1.13.2/plugins/com.st.stm32cube.common.mx_6.9.2.202309101412//db//plugins/boardmanager/
2023-10-07 22:45:19,835 [INFO] ApiDb:261 - Set plugin images path to: /opt/st/stm32cubeide_1.13.2/plugins/com.st.stm32cube.common.mx_6.9.2.202309101412//db//plugins/mcufinder/images/
2023-10-07 22:45:19,836 [WARN] DbFile:41 - Overriding database path with different value: /home/khoi/.stmcufinder/plugins/mcufinder/ => /home/khoi/.stmcufinder/plugins/mcufinder
2023-10-07 22:45:19,836 [INFO] ApiDb:250 - Set database path to: /home/khoi/.stmcufinder/plugins/mcufinder//mcu/
2023-10-07 22:45:19,836 [WARN] DbFile:41 - Overriding database path with different value: /home/khoi/.stmcufinder/plugins/mcufinder/ => /home/khoi/.stmcufinder/plugins/mcufinder
2023-10-07 22:45:19,836 [INFO] DbMcusAds:125 - Set database path to: /home/khoi/.stmcufinder/plugins/mcufinder//mcu/
2023-10-07 22:45:19,836 [WARN] DbFile:41 - Overriding database path with different value: /home/khoi/.stmcufinder/plugins/mcufinder/ => /home/khoi/.stmcufinder/plugins/mcufinder
2023-10-07 22:45:19,836 [WARN] DbFile:41 - Overriding database path with different value: /home/khoi/.stmcufinder/plugins/mcufinder/ => /home/khoi/.stmcufinder/plugins/mcufinder
2023-10-07 22:45:19,836 [INFO] CrossReferenceDbSqlite:203 - Set database path to: /home/khoi/.stmcufinder/plugins/mcufinder//mcu/cs/
2023-10-07 22:45:19,847 [INFO] ApplicationProperties:184 - Using Application install path: /opt/st/stm32cubeide_1.13.2/plugins/com.st.stm32cube.common.mx_6.9.2.202309101412
2023-10-07 22:45:19,849 [INFO] PluginManage:196 - Search for loadable plugins [exclusion list=, ]
2023-10-07 22:45:19,849 [INFO] PluginManage:310 - Check plugin analytics
2023-10-07 22:45:19,964 [INFO] AnalyticsPlugin:253 - Accepted Software Licenses: 
2023-10-07 22:45:19,965 [INFO] AnalyticsPlugin:255 - Accepted CMSIS Pack Licenses: 
2023-10-07 22:45:19,965 [INFO] AnalyticsPlugin:257 - Accepted Firmware Licenses: FW.F4.1.27.0
2023-10-07 22:45:19,967 [INFO] PluginManage:359 - Loaded plugin analytics (category:tool,tabindex:-1)
2023-10-07 22:45:19,967 [INFO] PluginManage:310 - Check plugin cadmodel
2023-10-07 22:45:19,982 [INFO] CADModel:105 - Init CAD model plugin
2023-10-07 22:45:19,982 [INFO] PluginManage:359 - Loaded plugin cadmodel (category:power,tabindex:5)
2023-10-07 22:45:19,982 [INFO] PluginManage:310 - Check plugin clock
2023-10-07 22:45:19,988 [INFO] PluginManage:359 - Loaded plugin clock (category:base,tabindex:2)
2023-10-07 22:45:19,988 [INFO] PluginManage:310 - Check plugin ddr
2023-10-07 22:45:19,989 [INFO] PluginManage:359 - Loaded plugin ddr (category:tool,tabindex:6)
2023-10-07 22:45:19,989 [INFO] PluginManage:310 - Check plugin filemanager
2023-10-07 22:45:20,081 [INFO] PluginManage:359 - Loaded plugin filemanager (category:base,tabindex:10)
2023-10-07 22:45:20,081 [INFO] PluginManage:310 - Check plugin ipmanager
2023-10-07 22:45:20,085 [INFO] PluginManage:359 - Loaded plugin ipmanager (category:base,tabindex:5)
2023-10-07 22:45:20,085 [INFO] PluginManage:310 - Check plugin lpbam
2023-10-07 22:45:20,092 [INFO] PluginManage:359 - Loaded plugin lpbam (category:base,tabindex:0)
2023-10-07 22:45:20,092 [INFO] PluginManage:310 - Check plugin memorymap
2023-10-07 22:45:20,099 [INFO] PluginManage:359 - Loaded plugin memorymap (category:base,tabindex:4)
2023-10-07 22:45:20,099 [INFO] PluginManage:310 - Check plugin pinoutandconfiguration
2023-10-07 22:45:20,104 [INFO] PluginManage:359 - Loaded plugin pinoutandconfiguration (category:base,tabindex:1)
2023-10-07 22:45:20,104 [INFO] PluginManage:310 - Check plugin pinoutconfig
2023-10-07 22:45:20,174 [WARN] SupportedApi:132 - Cannot load RTOS API schema: s4s-elt-must-match.1: The content of 'definitions' must match (annotation?, (simpleType | complexType)?, (unique | key | keyref)*)). A problem was found starting at: attribute.
2023-10-07 22:45:20,289 [INFO] PluginManage:359 - Loaded plugin pinoutconfig (category:base,tabindex:0)
2023-10-07 22:45:20,289 [INFO] PluginManage:310 - Check plugin power
2023-10-07 22:45:20,297 [INFO] PluginManage:359 - Loaded plugin power (category:power,tabindex:4)
2023-10-07 22:45:20,297 [INFO] PluginManage:310 - Check plugin projectmanager
2023-10-07 22:45:20,311 [INFO] PluginManage:359 - Loaded plugin projectmanager (category:projectmanager,tabindex:3)
2023-10-07 22:45:20,311 [INFO] PluginManage:310 - Check plugin thirdparty
2023-10-07 22:45:20,405 [WARN] IntegrityCheckThread:84 - waiting for thirdparty lock release [integrity check]
2023-10-07 22:45:20,405 [INFO] PluginManage:359 - Loaded plugin thirdparty (category:base,tabindex:-1)
2023-10-07 22:45:20,405 [INFO] IntegrityCheckThread:86 - entering critical section [integrity check]
2023-10-07 22:45:20,405 [INFO] PluginManage:310 - Check plugin tools
2023-10-07 22:45:20,406 [INFO] ThirdPartyUpdaterWithRetryManager:70 - Updater plugin not ready yet. [1/15]
2023-10-07 22:45:20,407 [INFO] PluginManage:359 - Loaded plugin tools (category:base,tabindex:7)
2023-10-07 22:45:20,407 [INFO] PluginManage:310 - Check plugin tutovideos
2023-10-07 22:45:20,514 [INFO] PluginManage:359 - Loaded plugin tutovideos (category:base,tabindex:-1)
2023-10-07 22:45:20,515 [INFO] PluginManage:310 - Check plugin updater
2023-10-07 22:45:20,521 [INFO] PluginManage:359 - Loaded plugin updater (category:base,tabindex:12)
2023-10-07 22:45:20,522 [INFO] PluginManage:310 - Check plugin userauth
2023-10-07 22:45:20,525 [INFO] UserAuth:113 - Init User Auth plugin
2023-10-07 22:45:20,525 [INFO] PluginManage:359 - Loaded plugin userauth (category:base,tabindex:14)
2023-10-07 22:45:20,526 [INFO] PluginManage:283 - PluginManage : Loaded plugins [17]
2023-10-07 22:45:20,657 [INFO] PinOutPanel:1499 - setPackage(No Configuration,No Configuration)
2023-10-07 22:45:20,723 [INFO] CADModel:165 - CPN selected for project level
2023-10-07 22:45:20,723 [INFO] CADModel:114 - Register for checkConnection events
2023-10-07 22:45:20,733 [INFO] IPUIPlugin:80 - create IPUIPlugin
2023-10-07 22:45:20,733 [INFO] PluginManager:220 - loadIPPluginJar : add touchsensing
2023-10-07 22:45:20,735 [INFO] IPUIPlugin:80 - create IPUIPlugin
2023-10-07 22:45:20,735 [INFO] PluginManager:220 - loadIPPluginJar : add gfxmmu
2023-10-07 22:45:20,737 [INFO] IPUIPlugin:80 - create IPUIPlugin
2023-10-07 22:45:20,737 [INFO] PluginManager:220 - loadIPPluginJar : add hash
2023-10-07 22:45:20,740 [INFO] IPUIPlugin:80 - create IPUIPlugin
2023-10-07 22:45:20,741 [INFO] PluginManager:220 - loadIPPluginJar : add freertos
2023-10-07 22:45:20,741 [INFO] IPUIPlugin:80 - create IPUIPlugin
2023-10-07 22:45:20,742 [INFO] PluginManager:220 - loadIPPluginJar : add ltdc
2023-10-07 22:45:20,743 [INFO] IPUIPlugin:80 - create IPUIPlugin
2023-10-07 22:45:20,744 [INFO] PluginManager:220 - loadIPPluginJar : add dma3
2023-10-07 22:45:20,748 [INFO] IPUIPlugin:80 - create IPUIPlugin
2023-10-07 22:45:20,751 [INFO] PluginManager:220 - loadIPPluginJar : add plateformsettings
2023-10-07 22:45:20,754 [INFO] IPUIPlugin:80 - create IPUIPlugin
2023-10-07 22:45:20,754 [INFO] PluginManager:220 - loadIPPluginJar : add opamp
2023-10-07 22:45:20,756 [INFO] IPUIPlugin:80 - create IPUIPlugin
2023-10-07 22:45:20,756 [INFO] PluginManager:220 - loadIPPluginJar : add usbx
2023-10-07 22:45:20,761 [INFO] IPUIPlugin:80 - create IPUIPlugin
2023-10-07 22:45:20,761 [INFO] PluginManager:220 - loadIPPluginJar : add mdma
2023-10-07 22:45:20,764 [INFO] IPUIPlugin:80 - create IPUIPlugin
2023-10-07 22:45:20,764 [INFO] PluginManager:220 - loadIPPluginJar : add gpio
2023-10-07 22:45:20,766 [INFO] IPUIPlugin:80 - create IPUIPlugin
2023-10-07 22:45:20,766 [INFO] PluginManager:220 - loadIPPluginJar : add i2s
2023-10-07 22:45:20,768 [INFO] IPUIPlugin:80 - create IPUIPlugin
2023-10-07 22:45:20,768 [INFO] PluginManager:220 - loadIPPluginJar : add i3c
2023-10-07 22:45:20,770 [INFO] IPUIPlugin:80 - create IPUIPlugin
2023-10-07 22:45:20,771 [INFO] PluginManager:220 - loadIPPluginJar : add pdm2pcm
2023-10-07 22:45:20,773 [INFO] IPUIPlugin:80 - create IPUIPlugin
2023-10-07 22:45:20,773 [INFO] PluginManager:220 - loadIPPluginJar : add gtzc
2023-10-07 22:45:20,775 [INFO] IPUIPlugin:80 - create IPUIPlugin
2023-10-07 22:45:20,775 [INFO] PluginManager:220 - loadIPPluginJar : add resmgrutility
2023-10-07 22:45:20,777 [INFO] IPUIPlugin:80 - create IPUIPlugin
2023-10-07 22:45:20,777 [INFO] PluginManager:220 - loadIPPluginJar : add tracer_emb
2023-10-07 22:45:20,778 [INFO] IPUIPlugin:80 - create IPUIPlugin
2023-10-07 22:45:20,778 [INFO] PluginManager:220 - loadIPPluginJar : add ucpd
2023-10-07 22:45:20,779 [INFO] IPUIPlugin:80 - create IPUIPlugin
2023-10-07 22:45:20,779 [INFO] PluginManager:220 - loadIPPluginJar : add ts
2023-10-07 22:45:20,783 [INFO] IPUIPlugin:80 - create IPUIPlugin
2023-10-07 22:45:20,783 [INFO] PluginManager:220 - loadIPPluginJar : add adc
2023-10-07 22:45:20,785 [INFO] IPUIPlugin:80 - create IPUIPlugin
2023-10-07 22:45:20,785 [INFO] PluginManager:220 - loadIPPluginJar : add cryp
2023-10-07 22:45:20,788 [INFO] IPUIPlugin:80 - create IPUIPlugin
2023-10-07 22:45:20,788 [INFO] PluginManager:220 - loadIPPluginJar : add ipddr
2023-10-07 22:45:20,789 [INFO] IPUIPlugin:80 - create IPUIPlugin
2023-10-07 22:45:20,789 [INFO] PluginManager:220 - loadIPPluginJar : add genericplugin
2023-10-07 22:45:20,790 [INFO] IPUIPlugin:80 - create IPUIPlugin
2023-10-07 22:45:20,790 [INFO] PluginManager:220 - loadIPPluginJar : add quadspi
2023-10-07 22:45:20,791 [INFO] IPUIPlugin:80 - create IPUIPlugin
2023-10-07 22:45:20,792 [INFO] PluginManager:220 - loadIPPluginJar : add fatfs
2023-10-07 22:45:20,795 [INFO] IPUIPlugin:80 - create IPUIPlugin
2023-10-07 22:45:20,795 [INFO] PluginManager:220 - loadIPPluginJar : add fmc
2023-10-07 22:45:20,799 [INFO] IPUIPlugin:80 - create IPUIPlugin
2023-10-07 22:45:20,799 [INFO] PluginManager:220 - loadIPPluginJar : add stm32_wpan
2023-10-07 22:45:20,803 [INFO] IPUIPlugin:80 - create IPUIPlugin
2023-10-07 22:45:20,804 [INFO] PluginManager:220 - loadIPPluginJar : add dma
2023-10-07 22:45:20,805 [INFO] IPUIPlugin:80 - create IPUIPlugin
2023-10-07 22:45:20,805 [INFO] PluginManager:220 - loadIPPluginJar : add tsc
2023-10-07 22:45:20,807 [INFO] IPUIPlugin:80 - create IPUIPlugin
2023-10-07 22:45:20,807 [INFO] PluginManager:220 - loadIPPluginJar : add spi
2023-10-07 22:45:20,809 [INFO] IPUIPlugin:80 - create IPUIPlugin
2023-10-07 22:45:20,809 [INFO] PluginManager:220 - loadIPPluginJar : add openamp
2023-10-07 22:45:20,811 [INFO] IPUIPlugin:80 - create IPUIPlugin
2023-10-07 22:45:20,812 [INFO] PluginManager:220 - loadIPPluginJar : add nvic
2023-10-07 22:45:20,813 [INFO] IPUIPlugin:80 - create IPUIPlugin
2023-10-07 22:45:20,813 [INFO] PluginManager:220 - loadIPPluginJar : add usart
2023-10-07 22:45:20,814 [INFO] IPUIPlugin:80 - create IPUIPlugin
2023-10-07 22:45:20,814 [INFO] PluginManager:220 - loadIPPluginJar : add comp
2023-10-07 22:45:20,818 [INFO] IPUIPlugin:80 - create IPUIPlugin
2023-10-07 22:45:20,818 [INFO] PluginManager:220 - loadIPPluginJar : add gic
2023-10-07 22:45:20,821 [INFO] IPUIPlugin:80 - create IPUIPlugin
2023-10-07 22:45:20,821 [INFO] PluginManager:220 - loadIPPluginJar : add sai
2023-10-07 22:45:20,822 [INFO] IPUIPlugin:80 - create IPUIPlugin
2023-10-07 22:45:20,822 [INFO] PluginManager:220 - loadIPPluginJar : add dfsdm
2023-10-07 22:45:20,825 [INFO] IPUIPlugin:80 - create IPUIPlugin
2023-10-07 22:45:20,825 [INFO] PluginManager:220 - loadIPPluginJar : add lorawan
2023-10-07 22:45:20,827 [INFO] IPUIPlugin:80 - create IPUIPlugin
2023-10-07 22:45:20,827 [INFO] PluginManager:220 - loadIPPluginJar : add i2c
2023-10-07 22:45:20,829 [INFO] IPUIPlugin:80 - create IPUIPlugin
2023-10-07 22:45:20,829 [INFO] PluginManager:220 - loadIPPluginJar : add can
2023-10-07 22:45:20,830 [INFO] IPUIPlugin:80 - create IPUIPlugin
2023-10-07 22:45:20,830 [INFO] PluginManager:220 - loadIPPluginJar : add tim
2023-10-07 22:45:20,835 [INFO] IPUIPlugin:80 - create IPUIPlugin
2023-10-07 22:45:20,836 [INFO] PluginManager:220 - loadIPPluginJar : add linkedlist
2023-10-07 22:45:20,837 [INFO] IPUIPlugin:80 - create IPUIPlugin
2023-10-07 22:45:20,837 [INFO] PluginManager:220 - loadIPPluginJar : add aes
2023-10-07 22:45:20,933 [INFO] CADModel:165 - CPN selected for project level
2023-10-07 22:45:20,933 [INFO] CADModel:114 - Register for checkConnection events
2023-10-07 22:45:20,933 [FATAL] Updater:308 - Updater called before beeing initialized
2023-10-07 22:45:20,933 [ERROR] CADModel:125 - Updater not yet initialized, retry later 
2023-10-07 22:45:21,013 [INFO] CADModel:165 - CPN selected for project level
2023-10-07 22:45:21,013 [INFO] CADModel:114 - Register for checkConnection events
2023-10-07 22:45:21,013 [FATAL] Updater:308 - Updater called before beeing initialized
2023-10-07 22:45:21,013 [ERROR] CADModel:125 - Updater not yet initialized, retry later 
2023-10-07 22:45:21,016 [FATAL] Updater:308 - Updater called before beeing initialized
2023-10-07 22:45:21,077 [FATAL] Updater:308 - Updater called before beeing initialized
2023-10-07 22:45:21,081 [INFO] DbMcusAds:53 - JSON generation date=Tue Mar 07 15:50:55 ICT 2023 (1678179055114)
2023-10-07 22:45:21,082 [FATAL] Updater:308 - Updater called before beeing initialized
2023-10-07 22:45:21,107 [WARN] DetailPanel:346 - Failed to get advertising image, set to default
2023-10-07 22:45:21,175 [FATAL] Updater:308 - Updater called before beeing initialized
2023-10-07 22:45:21,176 [FATAL] Updater:308 - Updater called before beeing initialized
2023-10-07 22:45:21,176 [FATAL] Updater:308 - Updater called before beeing initialized
2023-10-07 22:45:21,176 [WARN] DetailPanel:346 - Failed to get advertising image, set to default
2023-10-07 22:45:21,177 [FATAL] Updater:308 - Updater called before beeing initialized
2023-10-07 22:45:21,200 [ERROR] Updater:1120 - MainUpdater not yet initialized. External WinMGr cannot be set.
2023-10-07 22:45:21,201 [INFO] Updater:1056 - Updater Version found : 6.9.2
2023-10-07 22:45:21,215 [INFO] ApplicationProperties:184 - Using Application install path: /opt/st/stm32cubeide_1.13.2/plugins/com.st.stm32cube.common.mx_6.9.2.202309101412
2023-10-07 22:45:21,320 [INFO] MainUpdater:2868 - connection check result : 10
2023-10-07 22:45:21,321 [INFO] MainUpdater:285 - Updater Check For Update Now.
2023-10-07 22:45:21,321 [INFO] MicroXplorer:498 - Change Database Version : DB.6.0.92
2023-10-07 22:45:21,325 [INFO] McuFinderGlobals:63 - Set McuFinder mode to 2 (CubeIDE integrated)
2023-10-07 22:45:21,325 [INFO] UserAuth:179 - activating auth plugin
2023-10-07 22:45:21,329 [INFO] UserAuth:393 - Internet connection configuration mode: 1
2023-10-07 22:45:21,340 [INFO] JxBrowserEngine:151 - Initiate JxBrowser Engine with user profile folder
2023-10-07 22:45:21,494 [INFO] CheckServerUpdateThread:120 - End of CheckServer Thread
2023-10-07 22:45:21,736 [INFO] WebApp:157 - Instantiating new browser for Auth
2023-10-07 22:45:22,149 [INFO] WebApp:753 - Register for checkConnection events
2023-10-07 22:45:22,149 [INFO] WebApp:390 - Apply proxy settings
2023-10-07 22:45:22,149 [INFO] WebApp:475 - Chromium requires no authentication
2023-10-07 22:45:22,154 [INFO] WebApp:418 - Direct internet connection detected
2023-10-07 22:45:22,245 [INFO] WebApp:188 - Starting web application
2023-10-07 22:45:22,245 [INFO] WebApp:520 - Web application path used /opt/st/stm32cubeide_1.13.2/plugins/com.st.stm32cube.common.mx_6.9.2.202309101412/db/plugins/mcufinder/reactClient1/index.html
2023-10-07 22:45:23,483 [WARN] PackLoader:240 - Cannot read IP mode file for STMicroelectronics.X-CUBE-SMBUS.2.1.0
2023-10-07 22:45:23,518 [WARN] PackLoader:240 - Cannot read IP mode file for STMicroelectronics.X-CUBE-AZRTOS-F7.1.1.0
2023-10-07 22:45:23,529 [WARN] PackLoader:240 - Cannot read IP mode file for STMicroelectronics.FP-SNS-MOTENV1.4.3.2
2023-10-07 22:45:23,535 [WARN] PackLoader:240 - Cannot read IP mode file for STMicroelectronics.FP-SNS-FLIGHT1.5.0.2
2023-10-07 22:45:23,543 [WARN] PackLoader:240 - Cannot read IP mode file for STMicroelectronics.X-CUBE-DISPLAY.3.0.0
2023-10-07 22:45:23,554 [WARN] PackLoader:240 - Cannot read IP mode file for STMicroelectronics.X-CUBE-BLE1.7.0.0
2023-10-07 22:45:23,558 [WARN] PackLoader:240 - Cannot read IP mode file for emotas.I-CUBE-CANOPEN.1.3.0
2023-10-07 22:45:23,562 [WARN] PackLoader:240 - Cannot read IP mode file for STMicroelectronics.X-CUBE-TOUCHGFX.4.22.1
2023-10-07 22:45:23,565 [WARN] PackLoader:240 - Cannot read IP mode file for STMicroelectronics.FP-SNS-SMARTAG2.1.2.0
2023-10-07 22:45:23,576 [INFO] LogOutputStream:77 - [STDOUT_REDIRECT] 1 : Invalid condition id : UX_CORESTACK_Condition cause : null
2023-10-07 22:45:23,576 [INFO] LogOutputStream:77 - [STDOUT_REDIRECT] 1 : Invalid condition id : UX_CORESTACK_Condition cause : null
2023-10-07 22:45:23,577 [INFO] LogOutputStream:77 - [STDOUT_REDIRECT] 1 : Invalid condition id : UX_CORESTACK_Condition cause : null
2023-10-07 22:45:23,577 [INFO] LogOutputStream:77 - [STDOUT_REDIRECT] 1 : Invalid condition id : UX_CORESTACK_Condition cause : null
2023-10-07 22:45:23,577 [INFO] LogOutputStream:77 - [STDOUT_REDIRECT] 1 : Invalid condition id : UX_CORESTACK_Condition cause : null
2023-10-07 22:45:23,583 [WARN] PackLoader:240 - Cannot read IP mode file for STMicroelectronics.X-CUBE-AZRTOS-WL.2.0.0
2023-10-07 22:45:23,593 [WARN] PackLoader:240 - Cannot read IP mode file for WES.I-CUBE-Cesium.1.3.0
2023-10-07 22:45:23,598 [WARN] PackLoader:240 - Cannot read IP mode file for STMicroelectronics.X-CUBE-BLE2.3.3.0
2023-10-07 22:45:23,603 [WARN] PackLoader:240 - Cannot read IP mode file for STMicroelectronics.X-CUBE-ALGOBUILD.1.3.0
2023-10-07 22:45:23,625 [WARN] PackLoader:240 - Cannot read IP mode file for STMicroelectronics.X-CUBE-AZRTOS-G0.1.1.0
2023-10-07 22:45:23,633 [WARN] PackLoader:240 - Cannot read IP mode file for STMicroelectronics.X-CUBE-NFC4.3.0.0
2023-10-07 22:45:23,642 [WARN] PackLoader:240 - Cannot read IP mode file for STMicroelectronics.FP-ATR-SIGFOX1.3.2.0
2023-10-07 22:45:23,671 [WARN] PackLoader:240 - Cannot read IP mode file for SEGGER.I-CUBE-embOS.1.3.1
2023-10-07 22:45:23,731 [WARN] PackLoader:240 - Cannot read IP mode file for STMicroelectronics.X-CUBE-GNSS1.6.0.0
2023-10-07 22:45:23,745 [WARN] PackLoader:240 - Cannot read IP mode file for STMicroelectronics.X-CUBE-AZRTOS-F4.1.1.0
2023-10-07 22:45:23,750 [WARN] PackLoader:240 - Cannot read IP mode file for wolfSSL.I-CUBE-wolfSSL.5.6.3
2023-10-07 22:45:23,768 [WARN] PackLoader:240 - Cannot read IP mode file for STMicroelectronics.X-CUBE-AZRTOS-L5.2.0.0
2023-10-07 22:45:23,816 [WARN] PackLoader:240 - Cannot read IP mode file for STMicroelectronics.X-CUBE-MEMS1.9.6.0
2023-10-07 22:45:23,945 [WARN] PackLoader:240 - Cannot read IP mode file for ITTIA_DB.I-CUBE-ITTIADB.8.8.0
2023-10-07 22:45:23,950 [WARN] PackLoader:240 - Cannot read IP mode file for STMicroelectronics.X-CUBE-BLEMGR.2.0.0
2023-10-07 22:45:23,964 [WARN] ConditionMgr:438 - getConditionDescription Invalid condition id : UX DEVICE CLASS RTOS Condition cause : null
2023-10-07 22:45:23,964 [WARN] ConditionMgr:438 - getConditionDescription Invalid condition id : UX DEVICE CLASS RTOS Condition cause : null
2023-10-07 22:45:23,966 [WARN] PackLoader:240 - Cannot read IP mode file for STMicroelectronics.X-CUBE-AZRTOS-H7.3.1.0
2023-10-07 22:45:23,967 [WARN] ConditionMgr:1039 - genDependencies : Invalid condition id : UX DEVICE CLASS RTOS Condition cause : null
2023-10-07 22:45:23,967 [WARN] ConditionMgr:1039 - genDependencies : Invalid condition id : UX DEVICE CLASS RTOS Condition cause : null
2023-10-07 22:45:23,967 [WARN] ConditionMgr:1039 - genDependencies : Invalid condition id : UX DEVICE CLASS RTOS Condition cause : null
2023-10-07 22:45:23,968 [WARN] ConditionMgr:1039 - genDependencies : Invalid condition id : UX DEVICE CLASS RTOS Condition cause : null
2023-10-07 22:45:23,968 [WARN] ConditionMgr:1039 - genDependencies : Invalid condition id : UX DEVICE CLASS RTOS Condition cause : null
2023-10-07 22:45:23,971 [WARN] PackLoader:240 - Cannot read IP mode file for STMicroelectronics.X-CUBE-NFC7.1.0.1
2023-10-07 22:45:23,976 [WARN] PackLoader:240 - Cannot read IP mode file for STMicroelectronics.X-CUBE-NFC6.3.0.0
2023-10-07 22:45:23,980 [WARN] PackLoader:240 - Cannot read IP mode file for STMicroelectronics.X-CUBE-EEPRMA1.4.1.0
2023-10-07 22:45:23,983 [WARN] PackLoader:240 - Cannot read IP mode file for STMicroelectronics.X-CUBE-AI.8.1.0
2023-10-07 22:45:23,995 [WARN] ConditionMgr:438 - getConditionDescription Invalid condition id : LAN8742 Phy interface Condition cause : null
2023-10-07 22:45:23,995 [WARN] PackLoader:240 - Cannot read IP mode file for STMicroelectronics.X-CUBE-AZRTOS-L4.2.0.0
2023-10-07 22:45:23,996 [WARN] ConditionMgr:1039 - genDependencies : Invalid condition id : LAN8742 Phy interface Condition cause : null
2023-10-07 22:45:23,996 [WARN] ConditionMgr:1039 - genDependencies : Invalid condition id : LAN8742 Phy interface Condition cause : null
2023-10-07 22:45:23,997 [WARN] ConditionMgr:1039 - genDependencies : Invalid condition id : LAN8742 Phy interface Condition cause : null
2023-10-07 22:45:24,002 [WARN] PackLoader:240 - Cannot read IP mode file for STMicroelectronics.X-CUBE-SFXS2LP1.4.0.0
2023-10-07 22:45:24,004 [WARN] PackLoader:240 - Cannot read IP mode file for STMicroelectronics.X-CUBE-ISPU.1.1.0
2023-10-07 22:45:24,012 [WARN] ConditionMgr:438 - getConditionDescription Invalid condition id : UX DEVICE CLASS RTOS Condition cause : null
2023-10-07 22:45:24,012 [WARN] ConditionMgr:438 - getConditionDescription Invalid condition id : UX DEVICE CLASS RTOS Condition cause : null
2023-10-07 22:45:24,014 [WARN] PackLoader:240 - Cannot read IP mode file for STMicroelectronics.X-CUBE-AZRTOS-WB.2.0.0
2023-10-07 22:45:24,015 [WARN] ConditionMgr:1039 - genDependencies : Invalid condition id : UX DEVICE CLASS RTOS Condition cause : null
2023-10-07 22:45:24,015 [WARN] ConditionMgr:1039 - genDependencies : Invalid condition id : UX DEVICE CLASS RTOS Condition cause : null
2023-10-07 22:45:24,015 [WARN] ConditionMgr:1039 - genDependencies : Invalid condition id : UX DEVICE CLASS RTOS Condition cause : null
2023-10-07 22:45:24,015 [WARN] ConditionMgr:1039 - genDependencies : Invalid condition id : UX DEVICE CLASS RTOS Condition cause : null
2023-10-07 22:45:24,015 [WARN] ConditionMgr:1039 - genDependencies : Invalid condition id : UX DEVICE CLASS RTOS Condition cause : null
2023-10-07 22:45:24,021 [WARN] PackLoader:240 - Cannot read IP mode file for STMicroelectronics.X-CUBE-SUBG2.5.0.0
2023-10-07 22:45:24,040 [WARN] PackLoader:240 - Cannot read IP mode file for STMicroelectronics.X-CUBE-TOF1.3.3.1
2023-10-07 22:45:24,064 [WARN] PackLoader:240 - Cannot read IP mode file for STMicroelectronics.X-CUBE-AZRTOS-G4.2.0.0
2023-10-07 22:45:24,069 [WARN] PackLoader:240 - Cannot read IP mode file for STMicroelectronics.X-CUBE-FREERTOS.1.1.0
2023-10-07 22:45:24,073 [WARN] PackLoader:240 - Cannot read IP mode file for portGmbH.I-Cube-SoM-uGOAL.1.1.0
2023-10-07 22:45:24,075 [WARN] PackLoader:240 - Cannot read IP mode file for STMicroelectronics.X-CUBE-ALS.1.0.1
2023-10-07 22:45:24,078 [WARN] PackLoader:240 - Cannot read IP mode file for STMicroelectronics.FP-ATR-ASTRA1.2.0.0
2023-10-07 22:45:24,079 [INFO] ThirdParty:978 - Integrity check success = true
2023-10-07 22:45:24,079 [INFO] IntegrityCheckThread:100 - exiting critical section [integrity check]
2023-10-07 22:45:24,079 [INFO] IntegrityCheckThread:103 - End integrity checks thread
2023-10-07 22:45:42,800 [ERROR] LogOutputStream:75 - [STDERR_REDIRECT] SLF4J: Failed to load class "org.slf4j.impl.StaticLoggerBinder".
2023-10-07 22:45:42,801 [ERROR] LogOutputStream:75 - [STDERR_REDIRECT] SLF4J: Defaulting to no-operation (NOP) logger implementation
2023-10-07 22:45:42,801 [ERROR] LogOutputStream:75 - [STDERR_REDIRECT] SLF4J: See http://www.slf4j.org/codes.html#StaticLoggerBinder for further details.
2023-10-07 22:47:34,137 [ERROR] LogOutputStream:75 - [STDERR_REDIRECT] 
2023-10-07 22:47:37,944 [INFO] Activator:176 - 


2023-10-07 22:47:37,949 [INFO] Activator:177 - !SESSION log4j initialized
2023-10-07 22:47:39,477 [INFO] LogOutputStream:77 - [STDOUT_REDIRECT] 
2023-10-07 22:47:40,668 [INFO] ApplicationProperties:184 - Using Application install path: /opt/st/stm32cubeide_1.13.2/plugins/com.st.stm32cube.common.mx_6.9.2.202309101412
2023-10-07 22:47:40,692 [INFO] DbMcusXml:78 - Set database path to: /opt/st/stm32cubeide_1.13.2/plugins/com.st.stm32cube.common.mx_6.9.2.202309101412//db//mcu/
2023-10-07 22:47:40,693 [INFO] ApiDb:274 - Set plugin database path to: /opt/st/stm32cubeide_1.13.2/plugins/com.st.stm32cube.common.mx_6.9.2.202309101412//db//plugins/boardmanager/
2023-10-07 22:47:40,693 [WARN] ApiDb:259 - Overriding images path with different value:  => /opt/st/stm32cubeide_1.13.2/plugins/com.st.stm32cube.common.mx_6.9.2.202309101412//db//plugins/mcufinder/images/
2023-10-07 22:47:40,700 [INFO] ApiDb:250 - Set database path to: /home/khoi/.stmcufinder/plugins/mcufinder//mcu/
2023-10-07 22:47:40,701 [INFO] DbMcusAds:125 - Set database path to: /home/khoi/.stmcufinder/plugins/mcufinder//mcu/
2023-10-07 22:47:40,703 [INFO] CrossReferenceDbSqlite:203 - Set database path to: /home/khoi/.stmcufinder/plugins/mcufinder//mcu/cs/
2023-10-07 22:47:40,792 [INFO] RulesReader:64 - Compatibility file has been processed (293 Rules)
2023-10-07 22:47:40,832 [INFO] DbMcusXml:78 - Set database path to: /opt/st/stm32cubeide_1.13.2/plugins/com.st.stm32cube.common.mx_6.9.2.202309101412//db//mcu/
2023-10-07 22:47:40,832 [INFO] ApiDb:274 - Set plugin database path to: /opt/st/stm32cubeide_1.13.2/plugins/com.st.stm32cube.common.mx_6.9.2.202309101412//db//plugins/boardmanager/
2023-10-07 22:47:40,833 [INFO] ApiDb:261 - Set plugin images path to: /opt/st/stm32cubeide_1.13.2/plugins/com.st.stm32cube.common.mx_6.9.2.202309101412//db//plugins/mcufinder/images/
2023-10-07 22:47:40,833 [WARN] DbFile:41 - Overriding database path with different value: /home/khoi/.stmcufinder/plugins/mcufinder/ => /home/khoi/.stmcufinder/plugins/mcufinder
2023-10-07 22:47:40,833 [INFO] ApiDb:250 - Set database path to: /home/khoi/.stmcufinder/plugins/mcufinder//mcu/
2023-10-07 22:47:40,833 [WARN] DbFile:41 - Overriding database path with different value: /home/khoi/.stmcufinder/plugins/mcufinder/ => /home/khoi/.stmcufinder/plugins/mcufinder
2023-10-07 22:47:40,833 [INFO] DbMcusAds:125 - Set database path to: /home/khoi/.stmcufinder/plugins/mcufinder//mcu/
2023-10-07 22:47:40,833 [WARN] DbFile:41 - Overriding database path with different value: /home/khoi/.stmcufinder/plugins/mcufinder/ => /home/khoi/.stmcufinder/plugins/mcufinder
2023-10-07 22:47:40,833 [WARN] DbFile:41 - Overriding database path with different value: /home/khoi/.stmcufinder/plugins/mcufinder/ => /home/khoi/.stmcufinder/plugins/mcufinder
2023-10-07 22:47:40,833 [INFO] CrossReferenceDbSqlite:203 - Set database path to: /home/khoi/.stmcufinder/plugins/mcufinder//mcu/cs/
2023-10-07 22:47:40,876 [INFO] MainPanel:262 - HeapMemory: 268435456
2023-10-07 22:47:40,928 [INFO] DbMcusXml:78 - Set database path to: /opt/st/stm32cubeide_1.13.2/plugins/com.st.stm32cube.common.mx_6.9.2.202309101412//db//mcu/
2023-10-07 22:47:40,928 [INFO] ApiDb:274 - Set plugin database path to: /opt/st/stm32cubeide_1.13.2/plugins/com.st.stm32cube.common.mx_6.9.2.202309101412//db//plugins/boardmanager/
2023-10-07 22:47:40,928 [INFO] ApiDb:261 - Set plugin images path to: /opt/st/stm32cubeide_1.13.2/plugins/com.st.stm32cube.common.mx_6.9.2.202309101412//db//plugins/mcufinder/images/
2023-10-07 22:47:40,928 [WARN] DbFile:41 - Overriding database path with different value: /home/khoi/.stmcufinder/plugins/mcufinder/ => /home/khoi/.stmcufinder/plugins/mcufinder
2023-10-07 22:47:40,928 [INFO] ApiDb:250 - Set database path to: /home/khoi/.stmcufinder/plugins/mcufinder//mcu/
2023-10-07 22:47:40,928 [WARN] DbFile:41 - Overriding database path with different value: /home/khoi/.stmcufinder/plugins/mcufinder/ => /home/khoi/.stmcufinder/plugins/mcufinder
2023-10-07 22:47:40,928 [INFO] DbMcusAds:125 - Set database path to: /home/khoi/.stmcufinder/plugins/mcufinder//mcu/
2023-10-07 22:47:40,928 [WARN] DbFile:41 - Overriding database path with different value: /home/khoi/.stmcufinder/plugins/mcufinder/ => /home/khoi/.stmcufinder/plugins/mcufinder
2023-10-07 22:47:40,929 [WARN] DbFile:41 - Overriding database path with different value: /home/khoi/.stmcufinder/plugins/mcufinder/ => /home/khoi/.stmcufinder/plugins/mcufinder
2023-10-07 22:47:40,929 [INFO] CrossReferenceDbSqlite:203 - Set database path to: /home/khoi/.stmcufinder/plugins/mcufinder//mcu/cs/
2023-10-07 22:47:40,938 [INFO] ApplicationProperties:184 - Using Application install path: /opt/st/stm32cubeide_1.13.2/plugins/com.st.stm32cube.common.mx_6.9.2.202309101412
2023-10-07 22:47:40,940 [INFO] PluginManage:196 - Search for loadable plugins [exclusion list=, ]
2023-10-07 22:47:40,940 [INFO] PluginManage:310 - Check plugin analytics
2023-10-07 22:47:41,047 [INFO] AnalyticsPlugin:253 - Accepted Software Licenses: 
2023-10-07 22:47:41,047 [INFO] AnalyticsPlugin:255 - Accepted CMSIS Pack Licenses: 
2023-10-07 22:47:41,047 [INFO] AnalyticsPlugin:257 - Accepted Firmware Licenses: FW.F4.1.27.0
2023-10-07 22:47:41,050 [INFO] PluginManage:359 - Loaded plugin analytics (category:tool,tabindex:-1)
2023-10-07 22:47:41,050 [INFO] PluginManage:310 - Check plugin cadmodel
2023-10-07 22:47:41,068 [INFO] CADModel:105 - Init CAD model plugin
2023-10-07 22:47:41,069 [INFO] PluginManage:359 - Loaded plugin cadmodel (category:power,tabindex:5)
2023-10-07 22:47:41,069 [INFO] PluginManage:310 - Check plugin clock
2023-10-07 22:47:41,075 [INFO] PluginManage:359 - Loaded plugin clock (category:base,tabindex:2)
2023-10-07 22:47:41,075 [INFO] PluginManage:310 - Check plugin ddr
2023-10-07 22:47:41,077 [INFO] PluginManage:359 - Loaded plugin ddr (category:tool,tabindex:6)
2023-10-07 22:47:41,077 [INFO] PluginManage:310 - Check plugin filemanager
2023-10-07 22:47:41,159 [INFO] PluginManage:359 - Loaded plugin filemanager (category:base,tabindex:10)
2023-10-07 22:47:41,160 [INFO] PluginManage:310 - Check plugin ipmanager
2023-10-07 22:47:41,163 [INFO] PluginManage:359 - Loaded plugin ipmanager (category:base,tabindex:5)
2023-10-07 22:47:41,163 [INFO] PluginManage:310 - Check plugin lpbam
2023-10-07 22:47:41,169 [INFO] PluginManage:359 - Loaded plugin lpbam (category:base,tabindex:0)
2023-10-07 22:47:41,170 [INFO] PluginManage:310 - Check plugin memorymap
2023-10-07 22:47:41,176 [INFO] PluginManage:359 - Loaded plugin memorymap (category:base,tabindex:4)
2023-10-07 22:47:41,176 [INFO] PluginManage:310 - Check plugin pinoutandconfiguration
2023-10-07 22:47:41,180 [INFO] PluginManage:359 - Loaded plugin pinoutandconfiguration (category:base,tabindex:1)
2023-10-07 22:47:41,180 [INFO] PluginManage:310 - Check plugin pinoutconfig
2023-10-07 22:47:41,236 [WARN] SupportedApi:132 - Cannot load RTOS API schema: s4s-elt-must-match.1: The content of 'definitions' must match (annotation?, (simpleType | complexType)?, (unique | key | keyref)*)). A problem was found starting at: attribute.
2023-10-07 22:47:41,318 [INFO] PluginManage:359 - Loaded plugin pinoutconfig (category:base,tabindex:0)
2023-10-07 22:47:41,318 [INFO] PluginManage:310 - Check plugin power
2023-10-07 22:47:41,324 [INFO] PluginManage:359 - Loaded plugin power (category:power,tabindex:4)
2023-10-07 22:47:41,324 [INFO] PluginManage:310 - Check plugin projectmanager
2023-10-07 22:47:41,334 [INFO] PluginManage:359 - Loaded plugin projectmanager (category:projectmanager,tabindex:3)
2023-10-07 22:47:41,334 [INFO] PluginManage:310 - Check plugin thirdparty
2023-10-07 22:47:41,446 [INFO] PluginManage:359 - Loaded plugin thirdparty (category:base,tabindex:-1)
2023-10-07 22:47:41,446 [INFO] PluginManage:310 - Check plugin tools
2023-10-07 22:47:41,448 [WARN] IntegrityCheckThread:84 - waiting for thirdparty lock release [integrity check]
2023-10-07 22:47:41,448 [INFO] IntegrityCheckThread:86 - entering critical section [integrity check]
2023-10-07 22:47:41,448 [INFO] PluginManage:359 - Loaded plugin tools (category:base,tabindex:7)
2023-10-07 22:47:41,449 [INFO] PluginManage:310 - Check plugin tutovideos
2023-10-07 22:47:41,449 [INFO] ThirdPartyUpdaterWithRetryManager:70 - Updater plugin not ready yet. [1/15]
2023-10-07 22:47:41,554 [INFO] PluginManage:359 - Loaded plugin tutovideos (category:base,tabindex:-1)
2023-10-07 22:47:41,554 [INFO] PluginManage:310 - Check plugin updater
2023-10-07 22:47:41,560 [INFO] PluginManage:359 - Loaded plugin updater (category:base,tabindex:12)
2023-10-07 22:47:41,560 [INFO] PluginManage:310 - Check plugin userauth
2023-10-07 22:47:41,564 [INFO] UserAuth:113 - Init User Auth plugin
2023-10-07 22:47:41,564 [INFO] PluginManage:359 - Loaded plugin userauth (category:base,tabindex:14)
2023-10-07 22:47:41,564 [INFO] PluginManage:283 - PluginManage : Loaded plugins [17]
2023-10-07 22:47:41,671 [INFO] PinOutPanel:1499 - setPackage(No Configuration,No Configuration)
2023-10-07 22:47:41,730 [INFO] CADModel:165 - CPN selected for project level
2023-10-07 22:47:41,731 [INFO] CADModel:114 - Register for checkConnection events
2023-10-07 22:47:41,741 [INFO] IPUIPlugin:80 - create IPUIPlugin
2023-10-07 22:47:41,741 [INFO] PluginManager:220 - loadIPPluginJar : add touchsensing
2023-10-07 22:47:41,743 [INFO] IPUIPlugin:80 - create IPUIPlugin
2023-10-07 22:47:41,743 [INFO] PluginManager:220 - loadIPPluginJar : add gfxmmu
2023-10-07 22:47:41,744 [INFO] IPUIPlugin:80 - create IPUIPlugin
2023-10-07 22:47:41,745 [INFO] PluginManager:220 - loadIPPluginJar : add hash
2023-10-07 22:47:41,748 [INFO] IPUIPlugin:80 - create IPUIPlugin
2023-10-07 22:47:41,748 [INFO] PluginManager:220 - loadIPPluginJar : add freertos
2023-10-07 22:47:41,749 [INFO] IPUIPlugin:80 - create IPUIPlugin
2023-10-07 22:47:41,750 [INFO] PluginManager:220 - loadIPPluginJar : add ltdc
2023-10-07 22:47:41,752 [INFO] IPUIPlugin:80 - create IPUIPlugin
2023-10-07 22:47:41,752 [INFO] PluginManager:220 - loadIPPluginJar : add dma3
2023-10-07 22:47:41,758 [INFO] IPUIPlugin:80 - create IPUIPlugin
2023-10-07 22:47:41,760 [INFO] PluginManager:220 - loadIPPluginJar : add plateformsettings
2023-10-07 22:47:41,762 [INFO] IPUIPlugin:80 - create IPUIPlugin
2023-10-07 22:47:41,762 [INFO] PluginManager:220 - loadIPPluginJar : add opamp
2023-10-07 22:47:41,764 [INFO] IPUIPlugin:80 - create IPUIPlugin
2023-10-07 22:47:41,764 [INFO] PluginManager:220 - loadIPPluginJar : add usbx
2023-10-07 22:47:41,768 [INFO] IPUIPlugin:80 - create IPUIPlugin
2023-10-07 22:47:41,768 [INFO] PluginManager:220 - loadIPPluginJar : add mdma
2023-10-07 22:47:41,770 [INFO] IPUIPlugin:80 - create IPUIPlugin
2023-10-07 22:47:41,770 [INFO] PluginManager:220 - loadIPPluginJar : add gpio
2023-10-07 22:47:41,773 [INFO] IPUIPlugin:80 - create IPUIPlugin
2023-10-07 22:47:41,773 [INFO] PluginManager:220 - loadIPPluginJar : add i2s
2023-10-07 22:47:41,775 [INFO] IPUIPlugin:80 - create IPUIPlugin
2023-10-07 22:47:41,775 [INFO] PluginManager:220 - loadIPPluginJar : add i3c
2023-10-07 22:47:41,776 [INFO] IPUIPlugin:80 - create IPUIPlugin
2023-10-07 22:47:41,777 [INFO] PluginManager:220 - loadIPPluginJar : add pdm2pcm
2023-10-07 22:47:41,778 [INFO] IPUIPlugin:80 - create IPUIPlugin
2023-10-07 22:47:41,778 [INFO] PluginManager:220 - loadIPPluginJar : add gtzc
2023-10-07 22:47:41,780 [INFO] IPUIPlugin:80 - create IPUIPlugin
2023-10-07 22:47:41,780 [INFO] PluginManager:220 - loadIPPluginJar : add resmgrutility
2023-10-07 22:47:41,781 [INFO] IPUIPlugin:80 - create IPUIPlugin
2023-10-07 22:47:41,782 [INFO] PluginManager:220 - loadIPPluginJar : add tracer_emb
2023-10-07 22:47:41,782 [INFO] IPUIPlugin:80 - create IPUIPlugin
2023-10-07 22:47:41,783 [INFO] PluginManager:220 - loadIPPluginJar : add ucpd
2023-10-07 22:47:41,783 [INFO] IPUIPlugin:80 - create IPUIPlugin
2023-10-07 22:47:41,784 [INFO] PluginManager:220 - loadIPPluginJar : add ts
2023-10-07 22:47:41,788 [INFO] IPUIPlugin:80 - create IPUIPlugin
2023-10-07 22:47:41,789 [INFO] PluginManager:220 - loadIPPluginJar : add adc
2023-10-07 22:47:41,791 [INFO] IPUIPlugin:80 - create IPUIPlugin
2023-10-07 22:47:41,792 [INFO] PluginManager:220 - loadIPPluginJar : add cryp
2023-10-07 22:47:41,794 [INFO] IPUIPlugin:80 - create IPUIPlugin
2023-10-07 22:47:41,794 [INFO] PluginManager:220 - loadIPPluginJar : add ipddr
2023-10-07 22:47:41,796 [INFO] IPUIPlugin:80 - create IPUIPlugin
2023-10-07 22:47:41,796 [INFO] PluginManager:220 - loadIPPluginJar : add genericplugin
2023-10-07 22:47:41,797 [INFO] IPUIPlugin:80 - create IPUIPlugin
2023-10-07 22:47:41,797 [INFO] PluginManager:220 - loadIPPluginJar : add quadspi
2023-10-07 22:47:41,798 [INFO] IPUIPlugin:80 - create IPUIPlugin
2023-10-07 22:47:41,798 [INFO] PluginManager:220 - loadIPPluginJar : add fatfs
2023-10-07 22:47:41,800 [INFO] IPUIPlugin:80 - create IPUIPlugin
2023-10-07 22:47:41,800 [INFO] PluginManager:220 - loadIPPluginJar : add fmc
2023-10-07 22:47:41,803 [INFO] IPUIPlugin:80 - create IPUIPlugin
2023-10-07 22:47:41,803 [INFO] PluginManager:220 - loadIPPluginJar : add stm32_wpan
2023-10-07 22:47:41,806 [INFO] IPUIPlugin:80 - create IPUIPlugin
2023-10-07 22:47:41,806 [INFO] PluginManager:220 - loadIPPluginJar : add dma
2023-10-07 22:47:41,807 [INFO] IPUIPlugin:80 - create IPUIPlugin
2023-10-07 22:47:41,808 [INFO] PluginManager:220 - loadIPPluginJar : add tsc
2023-10-07 22:47:41,809 [INFO] IPUIPlugin:80 - create IPUIPlugin
2023-10-07 22:47:41,810 [INFO] PluginManager:220 - loadIPPluginJar : add spi
2023-10-07 22:47:41,811 [INFO] IPUIPlugin:80 - create IPUIPlugin
2023-10-07 22:47:41,812 [INFO] PluginManager:220 - loadIPPluginJar : add openamp
2023-10-07 22:47:41,814 [INFO] IPUIPlugin:80 - create IPUIPlugin
2023-10-07 22:47:41,814 [INFO] PluginManager:220 - loadIPPluginJar : add nvic
2023-10-07 22:47:41,816 [INFO] IPUIPlugin:80 - create IPUIPlugin
2023-10-07 22:47:41,816 [INFO] PluginManager:220 - loadIPPluginJar : add usart
2023-10-07 22:47:41,816 [INFO] IPUIPlugin:80 - create IPUIPlugin
2023-10-07 22:47:41,816 [INFO] PluginManager:220 - loadIPPluginJar : add comp
2023-10-07 22:47:41,819 [INFO] IPUIPlugin:80 - create IPUIPlugin
2023-10-07 22:47:41,819 [INFO] PluginManager:220 - loadIPPluginJar : add gic
2023-10-07 22:47:41,821 [INFO] IPUIPlugin:80 - create IPUIPlugin
2023-10-07 22:47:41,821 [INFO] PluginManager:220 - loadIPPluginJar : add sai
2023-10-07 22:47:41,822 [INFO] IPUIPlugin:80 - create IPUIPlugin
2023-10-07 22:47:41,823 [INFO] PluginManager:220 - loadIPPluginJar : add dfsdm
2023-10-07 22:47:41,824 [INFO] IPUIPlugin:80 - create IPUIPlugin
2023-10-07 22:47:41,824 [INFO] PluginManager:220 - loadIPPluginJar : add lorawan
2023-10-07 22:47:41,826 [INFO] IPUIPlugin:80 - create IPUIPlugin
2023-10-07 22:47:41,826 [INFO] PluginManager:220 - loadIPPluginJar : add i2c
2023-10-07 22:47:41,827 [INFO] IPUIPlugin:80 - create IPUIPlugin
2023-10-07 22:47:41,827 [INFO] PluginManager:220 - loadIPPluginJar : add can
2023-10-07 22:47:41,828 [INFO] IPUIPlugin:80 - create IPUIPlugin
2023-10-07 22:47:41,828 [INFO] PluginManager:220 - loadIPPluginJar : add tim
2023-10-07 22:47:41,833 [INFO] IPUIPlugin:80 - create IPUIPlugin
2023-10-07 22:47:41,833 [INFO] PluginManager:220 - loadIPPluginJar : add linkedlist
2023-10-07 22:47:41,834 [INFO] IPUIPlugin:80 - create IPUIPlugin
2023-10-07 22:47:41,834 [INFO] PluginManager:220 - loadIPPluginJar : add aes
2023-10-07 22:47:41,931 [INFO] CADModel:165 - CPN selected for project level
2023-10-07 22:47:41,931 [INFO] CADModel:114 - Register for checkConnection events
2023-10-07 22:47:41,931 [FATAL] Updater:308 - Updater called before beeing initialized
2023-10-07 22:47:41,931 [ERROR] CADModel:125 - Updater not yet initialized, retry later 
2023-10-07 22:47:42,022 [INFO] CADModel:165 - CPN selected for project level
2023-10-07 22:47:42,022 [INFO] CADModel:114 - Register for checkConnection events
2023-10-07 22:47:42,022 [FATAL] Updater:308 - Updater called before beeing initialized
2023-10-07 22:47:42,022 [ERROR] CADModel:125 - Updater not yet initialized, retry later 
2023-10-07 22:47:42,024 [FATAL] Updater:308 - Updater called before beeing initialized
2023-10-07 22:47:42,093 [FATAL] Updater:308 - Updater called before beeing initialized
2023-10-07 22:47:42,098 [INFO] DbMcusAds:53 - JSON generation date=Tue Mar 07 15:50:55 ICT 2023 (1678179055114)
2023-10-07 22:47:42,099 [FATAL] Updater:308 - Updater called before beeing initialized
2023-10-07 22:47:42,127 [WARN] DetailPanel:346 - Failed to get advertising image, set to default
2023-10-07 22:47:42,196 [FATAL] Updater:308 - Updater called before beeing initialized
2023-10-07 22:47:42,197 [FATAL] Updater:308 - Updater called before beeing initialized
2023-10-07 22:47:42,197 [FATAL] Updater:308 - Updater called before beeing initialized
2023-10-07 22:47:42,197 [WARN] DetailPanel:346 - Failed to get advertising image, set to default
2023-10-07 22:47:42,198 [FATAL] Updater:308 - Updater called before beeing initialized
2023-10-07 22:47:42,219 [ERROR] Updater:1120 - MainUpdater not yet initialized. External WinMGr cannot be set.
2023-10-07 22:47:42,220 [INFO] Updater:1056 - Updater Version found : 6.9.2
2023-10-07 22:47:42,234 [INFO] ApplicationProperties:184 - Using Application install path: /opt/st/stm32cubeide_1.13.2/plugins/com.st.stm32cube.common.mx_6.9.2.202309101412
2023-10-07 22:47:43,127 [INFO] MainUpdater:2868 - connection check result : 10
2023-10-07 22:47:43,127 [INFO] MainUpdater:285 - Updater Check For Update Now.
2023-10-07 22:47:43,127 [INFO] MicroXplorer:498 - Change Database Version : DB.6.0.92
2023-10-07 22:47:43,131 [INFO] McuFinderGlobals:63 - Set McuFinder mode to 2 (CubeIDE integrated)
2023-10-07 22:47:43,131 [INFO] UserAuth:179 - activating auth plugin
2023-10-07 22:47:43,133 [INFO] UserAuth:393 - Internet connection configuration mode: 1
2023-10-07 22:47:43,141 [INFO] JxBrowserEngine:151 - Initiate JxBrowser Engine with user profile folder
2023-10-07 22:47:43,273 [INFO] CheckServerUpdateThread:120 - End of CheckServer Thread
2023-10-07 22:47:43,529 [INFO] WebApp:157 - Instantiating new browser for Auth
2023-10-07 22:47:43,819 [INFO] WebApp:753 - Register for checkConnection events
2023-10-07 22:47:43,819 [INFO] WebApp:390 - Apply proxy settings
2023-10-07 22:47:43,819 [INFO] WebApp:475 - Chromium requires no authentication
2023-10-07 22:47:43,823 [INFO] WebApp:418 - Direct internet connection detected
2023-10-07 22:47:43,906 [INFO] WebApp:188 - Starting web application
2023-10-07 22:47:43,907 [INFO] WebApp:520 - Web application path used /opt/st/stm32cubeide_1.13.2/plugins/com.st.stm32cube.common.mx_6.9.2.202309101412/db/plugins/mcufinder/reactClient1/index.html
2023-10-07 22:47:44,521 [WARN] PackLoader:240 - Cannot read IP mode file for STMicroelectronics.X-CUBE-SMBUS.2.1.0
2023-10-07 22:47:44,548 [WARN] PackLoader:240 - Cannot read IP mode file for STMicroelectronics.X-CUBE-AZRTOS-F7.1.1.0
2023-10-07 22:47:44,556 [WARN] PackLoader:240 - Cannot read IP mode file for STMicroelectronics.FP-SNS-MOTENV1.4.3.2
2023-10-07 22:47:44,561 [WARN] PackLoader:240 - Cannot read IP mode file for STMicroelectronics.FP-SNS-FLIGHT1.5.0.2
2023-10-07 22:47:44,567 [WARN] PackLoader:240 - Cannot read IP mode file for STMicroelectronics.X-CUBE-DISPLAY.3.0.0
2023-10-07 22:47:44,577 [WARN] PackLoader:240 - Cannot read IP mode file for STMicroelectronics.X-CUBE-BLE1.7.0.0
2023-10-07 22:47:44,580 [WARN] PackLoader:240 - Cannot read IP mode file for emotas.I-CUBE-CANOPEN.1.3.0
2023-10-07 22:47:44,583 [WARN] PackLoader:240 - Cannot read IP mode file for STMicroelectronics.X-CUBE-TOUCHGFX.4.22.1
2023-10-07 22:47:44,586 [WARN] PackLoader:240 - Cannot read IP mode file for STMicroelectronics.FP-SNS-SMARTAG2.1.2.0
2023-10-07 22:47:44,594 [INFO] LogOutputStream:77 - [STDOUT_REDIRECT] 1 : Invalid condition id : UX_CORESTACK_Condition cause : null
2023-10-07 22:47:44,595 [INFO] LogOutputStream:77 - [STDOUT_REDIRECT] 1 : Invalid condition id : UX_CORESTACK_Condition cause : null
2023-10-07 22:47:44,595 [INFO] LogOutputStream:77 - [STDOUT_REDIRECT] 1 : Invalid condition id : UX_CORESTACK_Condition cause : null
2023-10-07 22:47:44,595 [INFO] LogOutputStream:77 - [STDOUT_REDIRECT] 1 : Invalid condition id : UX_CORESTACK_Condition cause : null
2023-10-07 22:47:44,595 [INFO] LogOutputStream:77 - [STDOUT_REDIRECT] 1 : Invalid condition id : UX_CORESTACK_Condition cause : null
2023-10-07 22:47:44,599 [WARN] PackLoader:240 - Cannot read IP mode file for STMicroelectronics.X-CUBE-AZRTOS-WL.2.0.0
2023-10-07 22:47:44,605 [WARN] PackLoader:240 - Cannot read IP mode file for WES.I-CUBE-Cesium.1.3.0
2023-10-07 22:47:44,608 [WARN] PackLoader:240 - Cannot read IP mode file for STMicroelectronics.X-CUBE-BLE2.3.3.0
2023-10-07 22:47:44,613 [WARN] PackLoader:240 - Cannot read IP mode file for STMicroelectronics.X-CUBE-ALGOBUILD.1.3.0
2023-10-07 22:47:44,628 [WARN] PackLoader:240 - Cannot read IP mode file for STMicroelectronics.X-CUBE-AZRTOS-G0.1.1.0
2023-10-07 22:47:44,634 [WARN] PackLoader:240 - Cannot read IP mode file for STMicroelectronics.X-CUBE-NFC4.3.0.0
2023-10-07 22:47:44,637 [WARN] PackLoader:240 - Cannot read IP mode file for STMicroelectronics.FP-ATR-SIGFOX1.3.2.0
2023-10-07 22:47:44,664 [WARN] PackLoader:240 - Cannot read IP mode file for SEGGER.I-CUBE-embOS.1.3.1
2023-10-07 22:47:44,694 [WARN] PackLoader:240 - Cannot read IP mode file for STMicroelectronics.X-CUBE-GNSS1.6.0.0
2023-10-07 22:47:44,708 [WARN] PackLoader:240 - Cannot read IP mode file for STMicroelectronics.X-CUBE-AZRTOS-F4.1.1.0
2023-10-07 22:47:44,713 [WARN] PackLoader:240 - Cannot read IP mode file for wolfSSL.I-CUBE-wolfSSL.5.6.3
2023-10-07 22:47:44,726 [WARN] PackLoader:240 - Cannot read IP mode file for STMicroelectronics.X-CUBE-AZRTOS-L5.2.0.0
2023-10-07 22:47:44,770 [WARN] PackLoader:240 - Cannot read IP mode file for STMicroelectronics.X-CUBE-MEMS1.9.6.0
2023-10-07 22:47:44,903 [WARN] PackLoader:240 - Cannot read IP mode file for ITTIA_DB.I-CUBE-ITTIADB.8.8.0
2023-10-07 22:47:44,907 [WARN] PackLoader:240 - Cannot read IP mode file for STMicroelectronics.X-CUBE-BLEMGR.2.0.0
2023-10-07 22:47:44,919 [WARN] ConditionMgr:438 - getConditionDescription Invalid condition id : UX DEVICE CLASS RTOS Condition cause : null
2023-10-07 22:47:44,919 [WARN] ConditionMgr:438 - getConditionDescription Invalid condition id : UX DEVICE CLASS RTOS Condition cause : null
2023-10-07 22:47:44,921 [WARN] PackLoader:240 - Cannot read IP mode file for STMicroelectronics.X-CUBE-AZRTOS-H7.3.1.0
2023-10-07 22:47:44,922 [WARN] ConditionMgr:1039 - genDependencies : Invalid condition id : UX DEVICE CLASS RTOS Condition cause : null
2023-10-07 22:47:44,922 [WARN] ConditionMgr:1039 - genDependencies : Invalid condition id : UX DEVICE CLASS RTOS Condition cause : null
2023-10-07 22:47:44,922 [WARN] ConditionMgr:1039 - genDependencies : Invalid condition id : UX DEVICE CLASS RTOS Condition cause : null
2023-10-07 22:47:44,923 [WARN] ConditionMgr:1039 - genDependencies : Invalid condition id : UX DEVICE CLASS RTOS Condition cause : null
2023-10-07 22:47:44,923 [WARN] ConditionMgr:1039 - genDependencies : Invalid condition id : UX DEVICE CLASS RTOS Condition cause : null
2023-10-07 22:47:44,926 [WARN] PackLoader:240 - Cannot read IP mode file for STMicroelectronics.X-CUBE-NFC7.1.0.1
2023-10-07 22:47:44,931 [WARN] PackLoader:240 - Cannot read IP mode file for STMicroelectronics.X-CUBE-NFC6.3.0.0
2023-10-07 22:47:44,935 [WARN] PackLoader:240 - Cannot read IP mode file for STMicroelectronics.X-CUBE-EEPRMA1.4.1.0
2023-10-07 22:47:44,937 [WARN] PackLoader:240 - Cannot read IP mode file for STMicroelectronics.X-CUBE-AI.8.1.0
2023-10-07 22:47:44,948 [WARN] ConditionMgr:438 - getConditionDescription Invalid condition id : LAN8742 Phy interface Condition cause : null
2023-10-07 22:47:44,949 [WARN] PackLoader:240 - Cannot read IP mode file for STMicroelectronics.X-CUBE-AZRTOS-L4.2.0.0
2023-10-07 22:47:44,949 [WARN] ConditionMgr:1039 - genDependencies : Invalid condition id : LAN8742 Phy interface Condition cause : null
2023-10-07 22:47:44,950 [WARN] ConditionMgr:1039 - genDependencies : Invalid condition id : LAN8742 Phy interface Condition cause : null
2023-10-07 22:47:44,950 [WARN] ConditionMgr:1039 - genDependencies : Invalid condition id : LAN8742 Phy interface Condition cause : null
2023-10-07 22:47:44,954 [WARN] PackLoader:240 - Cannot read IP mode file for STMicroelectronics.X-CUBE-SFXS2LP1.4.0.0
2023-10-07 22:47:44,957 [WARN] PackLoader:240 - Cannot read IP mode file for STMicroelectronics.X-CUBE-ISPU.1.1.0
2023-10-07 22:47:44,964 [WARN] ConditionMgr:438 - getConditionDescription Invalid condition id : UX DEVICE CLASS RTOS Condition cause : null
2023-10-07 22:47:44,965 [WARN] ConditionMgr:438 - getConditionDescription Invalid condition id : UX DEVICE CLASS RTOS Condition cause : null
2023-10-07 22:47:44,966 [WARN] PackLoader:240 - Cannot read IP mode file for STMicroelectronics.X-CUBE-AZRTOS-WB.2.0.0
2023-10-07 22:47:44,967 [WARN] ConditionMgr:1039 - genDependencies : Invalid condition id : UX DEVICE CLASS RTOS Condition cause : null
2023-10-07 22:47:44,967 [WARN] ConditionMgr:1039 - genDependencies : Invalid condition id : UX DEVICE CLASS RTOS Condition cause : null
2023-10-07 22:47:44,967 [WARN] ConditionMgr:1039 - genDependencies : Invalid condition id : UX DEVICE CLASS RTOS Condition cause : null
2023-10-07 22:47:44,967 [WARN] ConditionMgr:1039 - genDependencies : Invalid condition id : UX DEVICE CLASS RTOS Condition cause : null
2023-10-07 22:47:44,967 [WARN] ConditionMgr:1039 - genDependencies : Invalid condition id : UX DEVICE CLASS RTOS Condition cause : null
2023-10-07 22:47:44,974 [WARN] PackLoader:240 - Cannot read IP mode file for STMicroelectronics.X-CUBE-SUBG2.5.0.0
2023-10-07 22:47:44,983 [WARN] PackLoader:240 - Cannot read IP mode file for STMicroelectronics.X-CUBE-TOF1.3.3.1
2023-10-07 22:47:45,002 [WARN] PackLoader:240 - Cannot read IP mode file for STMicroelectronics.X-CUBE-AZRTOS-G4.2.0.0
2023-10-07 22:47:45,006 [WARN] PackLoader:240 - Cannot read IP mode file for STMicroelectronics.X-CUBE-FREERTOS.1.1.0
2023-10-07 22:47:45,009 [WARN] PackLoader:240 - Cannot read IP mode file for portGmbH.I-Cube-SoM-uGOAL.1.1.0
2023-10-07 22:47:45,012 [WARN] PackLoader:240 - Cannot read IP mode file for STMicroelectronics.X-CUBE-ALS.1.0.1
2023-10-07 22:47:45,015 [WARN] PackLoader:240 - Cannot read IP mode file for STMicroelectronics.FP-ATR-ASTRA1.2.0.0
2023-10-07 22:47:45,016 [INFO] ThirdParty:978 - Integrity check success = true
2023-10-07 22:47:45,016 [INFO] IntegrityCheckThread:100 - exiting critical section [integrity check]
2023-10-07 22:47:45,016 [INFO] IntegrityCheckThread:103 - End integrity checks thread
2023-10-07 22:48:00,645 [ERROR] LogOutputStream:75 - [STDERR_REDIRECT] 
2023-10-07 22:48:58,609 [INFO] Activator:176 - 


2023-10-07 22:48:58,610 [INFO] Activator:177 - !SESSION log4j initialized
2023-10-07 22:49:00,200 [INFO] LogOutputStream:77 - [STDOUT_REDIRECT] 
2023-10-07 22:49:01,392 [INFO] ApplicationProperties:184 - Using Application install path: /opt/st/stm32cubeide_1.13.2/plugins/com.st.stm32cube.common.mx_6.9.2.202309101412
2023-10-07 22:49:01,408 [INFO] DbMcusXml:78 - Set database path to: /opt/st/stm32cubeide_1.13.2/plugins/com.st.stm32cube.common.mx_6.9.2.202309101412//db//mcu/
2023-10-07 22:49:01,409 [INFO] ApiDb:274 - Set plugin database path to: /opt/st/stm32cubeide_1.13.2/plugins/com.st.stm32cube.common.mx_6.9.2.202309101412//db//plugins/boardmanager/
2023-10-07 22:49:01,409 [WARN] ApiDb:259 - Overriding images path with different value:  => /opt/st/stm32cubeide_1.13.2/plugins/com.st.stm32cube.common.mx_6.9.2.202309101412//db//plugins/mcufinder/images/
2023-10-07 22:49:01,417 [INFO] ApiDb:250 - Set database path to: /home/khoi/.stmcufinder/plugins/mcufinder//mcu/
2023-10-07 22:49:01,418 [INFO] DbMcusAds:125 - Set database path to: /home/khoi/.stmcufinder/plugins/mcufinder//mcu/
2023-10-07 22:49:01,420 [INFO] CrossReferenceDbSqlite:203 - Set database path to: /home/khoi/.stmcufinder/plugins/mcufinder//mcu/cs/
2023-10-07 22:49:01,518 [INFO] RulesReader:64 - Compatibility file has been processed (293 Rules)
2023-10-07 22:49:01,571 [INFO] DbMcusXml:78 - Set database path to: /opt/st/stm32cubeide_1.13.2/plugins/com.st.stm32cube.common.mx_6.9.2.202309101412//db//mcu/
2023-10-07 22:49:01,571 [INFO] ApiDb:274 - Set plugin database path to: /opt/st/stm32cubeide_1.13.2/plugins/com.st.stm32cube.common.mx_6.9.2.202309101412//db//plugins/boardmanager/
2023-10-07 22:49:01,571 [INFO] ApiDb:261 - Set plugin images path to: /opt/st/stm32cubeide_1.13.2/plugins/com.st.stm32cube.common.mx_6.9.2.202309101412//db//plugins/mcufinder/images/
2023-10-07 22:49:01,571 [WARN] DbFile:41 - Overriding database path with different value: /home/khoi/.stmcufinder/plugins/mcufinder/ => /home/khoi/.stmcufinder/plugins/mcufinder
2023-10-07 22:49:01,571 [INFO] ApiDb:250 - Set database path to: /home/khoi/.stmcufinder/plugins/mcufinder//mcu/
2023-10-07 22:49:01,572 [WARN] DbFile:41 - Overriding database path with different value: /home/khoi/.stmcufinder/plugins/mcufinder/ => /home/khoi/.stmcufinder/plugins/mcufinder
2023-10-07 22:49:01,572 [INFO] DbMcusAds:125 - Set database path to: /home/khoi/.stmcufinder/plugins/mcufinder//mcu/
2023-10-07 22:49:01,572 [WARN] DbFile:41 - Overriding database path with different value: /home/khoi/.stmcufinder/plugins/mcufinder/ => /home/khoi/.stmcufinder/plugins/mcufinder
2023-10-07 22:49:01,572 [WARN] DbFile:41 - Overriding database path with different value: /home/khoi/.stmcufinder/plugins/mcufinder/ => /home/khoi/.stmcufinder/plugins/mcufinder
2023-10-07 22:49:01,572 [INFO] CrossReferenceDbSqlite:203 - Set database path to: /home/khoi/.stmcufinder/plugins/mcufinder//mcu/cs/
2023-10-07 22:49:01,615 [INFO] MainPanel:262 - HeapMemory: 268435456
2023-10-07 22:49:01,661 [INFO] DbMcusXml:78 - Set database path to: /opt/st/stm32cubeide_1.13.2/plugins/com.st.stm32cube.common.mx_6.9.2.202309101412//db//mcu/
2023-10-07 22:49:01,661 [INFO] ApiDb:274 - Set plugin database path to: /opt/st/stm32cubeide_1.13.2/plugins/com.st.stm32cube.common.mx_6.9.2.202309101412//db//plugins/boardmanager/
2023-10-07 22:49:01,661 [INFO] ApiDb:261 - Set plugin images path to: /opt/st/stm32cubeide_1.13.2/plugins/com.st.stm32cube.common.mx_6.9.2.202309101412//db//plugins/mcufinder/images/
2023-10-07 22:49:01,662 [WARN] DbFile:41 - Overriding database path with different value: /home/khoi/.stmcufinder/plugins/mcufinder/ => /home/khoi/.stmcufinder/plugins/mcufinder
2023-10-07 22:49:01,662 [INFO] ApiDb:250 - Set database path to: /home/khoi/.stmcufinder/plugins/mcufinder//mcu/
2023-10-07 22:49:01,662 [WARN] DbFile:41 - Overriding database path with different value: /home/khoi/.stmcufinder/plugins/mcufinder/ => /home/khoi/.stmcufinder/plugins/mcufinder
2023-10-07 22:49:01,662 [INFO] DbMcusAds:125 - Set database path to: /home/khoi/.stmcufinder/plugins/mcufinder//mcu/
2023-10-07 22:49:01,662 [WARN] DbFile:41 - Overriding database path with different value: /home/khoi/.stmcufinder/plugins/mcufinder/ => /home/khoi/.stmcufinder/plugins/mcufinder
2023-10-07 22:49:01,662 [WARN] DbFile:41 - Overriding database path with different value: /home/khoi/.stmcufinder/plugins/mcufinder/ => /home/khoi/.stmcufinder/plugins/mcufinder
2023-10-07 22:49:01,662 [INFO] CrossReferenceDbSqlite:203 - Set database path to: /home/khoi/.stmcufinder/plugins/mcufinder//mcu/cs/
2023-10-07 22:49:01,672 [INFO] ApplicationProperties:184 - Using Application install path: /opt/st/stm32cubeide_1.13.2/plugins/com.st.stm32cube.common.mx_6.9.2.202309101412
2023-10-07 22:49:01,673 [INFO] PluginManage:196 - Search for loadable plugins [exclusion list=, ]
2023-10-07 22:49:01,674 [INFO] PluginManage:310 - Check plugin analytics
2023-10-07 22:49:01,791 [INFO] AnalyticsPlugin:253 - Accepted Software Licenses: 
2023-10-07 22:49:01,791 [INFO] AnalyticsPlugin:255 - Accepted CMSIS Pack Licenses: 
2023-10-07 22:49:01,791 [INFO] AnalyticsPlugin:257 - Accepted Firmware Licenses: FW.F4.1.27.0
2023-10-07 22:49:01,794 [INFO] PluginManage:359 - Loaded plugin analytics (category:tool,tabindex:-1)
2023-10-07 22:49:01,794 [INFO] PluginManage:310 - Check plugin cadmodel
2023-10-07 22:49:01,819 [INFO] CADModel:105 - Init CAD model plugin
2023-10-07 22:49:01,819 [INFO] PluginManage:359 - Loaded plugin cadmodel (category:power,tabindex:5)
2023-10-07 22:49:01,819 [INFO] PluginManage:310 - Check plugin clock
2023-10-07 22:49:01,827 [INFO] PluginManage:359 - Loaded plugin clock (category:base,tabindex:2)
2023-10-07 22:49:01,827 [INFO] PluginManage:310 - Check plugin ddr
2023-10-07 22:49:01,829 [INFO] PluginManage:359 - Loaded plugin ddr (category:tool,tabindex:6)
2023-10-07 22:49:01,829 [INFO] PluginManage:310 - Check plugin filemanager
2023-10-07 22:49:01,931 [INFO] PluginManage:359 - Loaded plugin filemanager (category:base,tabindex:10)
2023-10-07 22:49:01,931 [INFO] PluginManage:310 - Check plugin ipmanager
2023-10-07 22:49:01,936 [INFO] PluginManage:359 - Loaded plugin ipmanager (category:base,tabindex:5)
2023-10-07 22:49:01,936 [INFO] PluginManage:310 - Check plugin lpbam
2023-10-07 22:49:01,943 [INFO] PluginManage:359 - Loaded plugin lpbam (category:base,tabindex:0)
2023-10-07 22:49:01,944 [INFO] PluginManage:310 - Check plugin memorymap
2023-10-07 22:49:01,950 [INFO] PluginManage:359 - Loaded plugin memorymap (category:base,tabindex:4)
2023-10-07 22:49:01,951 [INFO] PluginManage:310 - Check plugin pinoutandconfiguration
2023-10-07 22:49:01,955 [INFO] PluginManage:359 - Loaded plugin pinoutandconfiguration (category:base,tabindex:1)
2023-10-07 22:49:01,955 [INFO] PluginManage:310 - Check plugin pinoutconfig
2023-10-07 22:49:02,011 [WARN] SupportedApi:132 - Cannot load RTOS API schema: s4s-elt-must-match.1: The content of 'definitions' must match (annotation?, (simpleType | complexType)?, (unique | key | keyref)*)). A problem was found starting at: attribute.
2023-10-07 22:49:02,123 [INFO] PluginManage:359 - Loaded plugin pinoutconfig (category:base,tabindex:0)
2023-10-07 22:49:02,123 [INFO] PluginManage:310 - Check plugin power
2023-10-07 22:49:02,133 [INFO] PluginManage:359 - Loaded plugin power (category:power,tabindex:4)
2023-10-07 22:49:02,133 [INFO] PluginManage:310 - Check plugin projectmanager
2023-10-07 22:49:02,151 [INFO] PluginManage:359 - Loaded plugin projectmanager (category:projectmanager,tabindex:3)
2023-10-07 22:49:02,151 [INFO] PluginManage:310 - Check plugin thirdparty
2023-10-07 22:49:02,247 [INFO] PluginManage:359 - Loaded plugin thirdparty (category:base,tabindex:-1)
2023-10-07 22:49:02,247 [WARN] IntegrityCheckThread:84 - waiting for thirdparty lock release [integrity check]
2023-10-07 22:49:02,247 [INFO] PluginManage:310 - Check plugin tools
2023-10-07 22:49:02,248 [INFO] IntegrityCheckThread:86 - entering critical section [integrity check]
2023-10-07 22:49:02,248 [INFO] ThirdPartyUpdaterWithRetryManager:70 - Updater plugin not ready yet. [1/15]
2023-10-07 22:49:02,249 [INFO] PluginManage:359 - Loaded plugin tools (category:base,tabindex:7)
2023-10-07 22:49:02,249 [INFO] PluginManage:310 - Check plugin tutovideos
2023-10-07 22:49:02,365 [INFO] PluginManage:359 - Loaded plugin tutovideos (category:base,tabindex:-1)
2023-10-07 22:49:02,365 [INFO] PluginManage:310 - Check plugin updater
2023-10-07 22:49:02,372 [INFO] PluginManage:359 - Loaded plugin updater (category:base,tabindex:12)
2023-10-07 22:49:02,373 [INFO] PluginManage:310 - Check plugin userauth
2023-10-07 22:49:02,376 [INFO] UserAuth:113 - Init User Auth plugin
2023-10-07 22:49:02,376 [INFO] PluginManage:359 - Loaded plugin userauth (category:base,tabindex:14)
2023-10-07 22:49:02,377 [INFO] PluginManage:283 - PluginManage : Loaded plugins [17]
2023-10-07 22:49:02,497 [INFO] PinOutPanel:1499 - setPackage(No Configuration,No Configuration)
2023-10-07 22:49:02,558 [INFO] CADModel:165 - CPN selected for project level
2023-10-07 22:49:02,558 [INFO] CADModel:114 - Register for checkConnection events
2023-10-07 22:49:02,567 [INFO] IPUIPlugin:80 - create IPUIPlugin
2023-10-07 22:49:02,567 [INFO] PluginManager:220 - loadIPPluginJar : add touchsensing
2023-10-07 22:49:02,568 [INFO] IPUIPlugin:80 - create IPUIPlugin
2023-10-07 22:49:02,568 [INFO] PluginManager:220 - loadIPPluginJar : add gfxmmu
2023-10-07 22:49:02,570 [INFO] IPUIPlugin:80 - create IPUIPlugin
2023-10-07 22:49:02,570 [INFO] PluginManager:220 - loadIPPluginJar : add hash
2023-10-07 22:49:02,573 [INFO] IPUIPlugin:80 - create IPUIPlugin
2023-10-07 22:49:02,574 [INFO] PluginManager:220 - loadIPPluginJar : add freertos
2023-10-07 22:49:02,575 [INFO] IPUIPlugin:80 - create IPUIPlugin
2023-10-07 22:49:02,575 [INFO] PluginManager:220 - loadIPPluginJar : add ltdc
2023-10-07 22:49:02,577 [INFO] IPUIPlugin:80 - create IPUIPlugin
2023-10-07 22:49:02,577 [INFO] PluginManager:220 - loadIPPluginJar : add dma3
2023-10-07 22:49:02,581 [INFO] IPUIPlugin:80 - create IPUIPlugin
2023-10-07 22:49:02,583 [INFO] PluginManager:220 - loadIPPluginJar : add plateformsettings
2023-10-07 22:49:02,586 [INFO] IPUIPlugin:80 - create IPUIPlugin
2023-10-07 22:49:02,586 [INFO] PluginManager:220 - loadIPPluginJar : add opamp
2023-10-07 22:49:02,588 [INFO] IPUIPlugin:80 - create IPUIPlugin
2023-10-07 22:49:02,588 [INFO] PluginManager:220 - loadIPPluginJar : add usbx
2023-10-07 22:49:02,592 [INFO] IPUIPlugin:80 - create IPUIPlugin
2023-10-07 22:49:02,592 [INFO] PluginManager:220 - loadIPPluginJar : add mdma
2023-10-07 22:49:02,595 [INFO] IPUIPlugin:80 - create IPUIPlugin
2023-10-07 22:49:02,595 [INFO] PluginManager:220 - loadIPPluginJar : add gpio
2023-10-07 22:49:02,597 [INFO] IPUIPlugin:80 - create IPUIPlugin
2023-10-07 22:49:02,597 [INFO] PluginManager:220 - loadIPPluginJar : add i2s
2023-10-07 22:49:02,598 [INFO] IPUIPlugin:80 - create IPUIPlugin
2023-10-07 22:49:02,598 [INFO] PluginManager:220 - loadIPPluginJar : add i3c
2023-10-07 22:49:02,600 [INFO] IPUIPlugin:80 - create IPUIPlugin
2023-10-07 22:49:02,600 [INFO] PluginManager:220 - loadIPPluginJar : add pdm2pcm
2023-10-07 22:49:02,601 [INFO] IPUIPlugin:80 - create IPUIPlugin
2023-10-07 22:49:02,601 [INFO] PluginManager:220 - loadIPPluginJar : add gtzc
2023-10-07 22:49:02,603 [INFO] IPUIPlugin:80 - create IPUIPlugin
2023-10-07 22:49:02,603 [INFO] PluginManager:220 - loadIPPluginJar : add resmgrutility
2023-10-07 22:49:02,604 [INFO] IPUIPlugin:80 - create IPUIPlugin
2023-10-07 22:49:02,604 [INFO] PluginManager:220 - loadIPPluginJar : add tracer_emb
2023-10-07 22:49:02,605 [INFO] IPUIPlugin:80 - create IPUIPlugin
2023-10-07 22:49:02,605 [INFO] PluginManager:220 - loadIPPluginJar : add ucpd
2023-10-07 22:49:02,606 [INFO] IPUIPlugin:80 - create IPUIPlugin
2023-10-07 22:49:02,606 [INFO] PluginManager:220 - loadIPPluginJar : add ts
2023-10-07 22:49:02,610 [INFO] IPUIPlugin:80 - create IPUIPlugin
2023-10-07 22:49:02,610 [INFO] PluginManager:220 - loadIPPluginJar : add adc
2023-10-07 22:49:02,612 [INFO] IPUIPlugin:80 - create IPUIPlugin
2023-10-07 22:49:02,612 [INFO] PluginManager:220 - loadIPPluginJar : add cryp
2023-10-07 22:49:02,613 [INFO] IPUIPlugin:80 - create IPUIPlugin
2023-10-07 22:49:02,614 [INFO] PluginManager:220 - loadIPPluginJar : add ipddr
2023-10-07 22:49:02,614 [INFO] IPUIPlugin:80 - create IPUIPlugin
2023-10-07 22:49:02,614 [INFO] PluginManager:220 - loadIPPluginJar : add genericplugin
2023-10-07 22:49:02,615 [INFO] IPUIPlugin:80 - create IPUIPlugin
2023-10-07 22:49:02,615 [INFO] PluginManager:220 - loadIPPluginJar : add quadspi
2023-10-07 22:49:02,616 [INFO] IPUIPlugin:80 - create IPUIPlugin
2023-10-07 22:49:02,616 [INFO] PluginManager:220 - loadIPPluginJar : add fatfs
2023-10-07 22:49:02,618 [INFO] IPUIPlugin:80 - create IPUIPlugin
2023-10-07 22:49:02,618 [INFO] PluginManager:220 - loadIPPluginJar : add fmc
2023-10-07 22:49:02,621 [INFO] IPUIPlugin:80 - create IPUIPlugin
2023-10-07 22:49:02,621 [INFO] PluginManager:220 - loadIPPluginJar : add stm32_wpan
2023-10-07 22:49:02,624 [INFO] IPUIPlugin:80 - create IPUIPlugin
2023-10-07 22:49:02,624 [INFO] PluginManager:220 - loadIPPluginJar : add dma
2023-10-07 22:49:02,625 [INFO] IPUIPlugin:80 - create IPUIPlugin
2023-10-07 22:49:02,625 [INFO] PluginManager:220 - loadIPPluginJar : add tsc
2023-10-07 22:49:02,626 [INFO] IPUIPlugin:80 - create IPUIPlugin
2023-10-07 22:49:02,626 [INFO] PluginManager:220 - loadIPPluginJar : add spi
2023-10-07 22:49:02,627 [INFO] IPUIPlugin:80 - create IPUIPlugin
2023-10-07 22:49:02,627 [INFO] PluginManager:220 - loadIPPluginJar : add openamp
2023-10-07 22:49:02,629 [INFO] IPUIPlugin:80 - create IPUIPlugin
2023-10-07 22:49:02,629 [INFO] PluginManager:220 - loadIPPluginJar : add nvic
2023-10-07 22:49:02,630 [INFO] IPUIPlugin:80 - create IPUIPlugin
2023-10-07 22:49:02,630 [INFO] PluginManager:220 - loadIPPluginJar : add usart
2023-10-07 22:49:02,631 [INFO] IPUIPlugin:80 - create IPUIPlugin
2023-10-07 22:49:02,631 [INFO] PluginManager:220 - loadIPPluginJar : add comp
2023-10-07 22:49:02,633 [INFO] IPUIPlugin:80 - create IPUIPlugin
2023-10-07 22:49:02,633 [INFO] PluginManager:220 - loadIPPluginJar : add gic
2023-10-07 22:49:02,635 [INFO] IPUIPlugin:80 - create IPUIPlugin
2023-10-07 22:49:02,635 [INFO] PluginManager:220 - loadIPPluginJar : add sai
2023-10-07 22:49:02,636 [INFO] IPUIPlugin:80 - create IPUIPlugin
2023-10-07 22:49:02,636 [INFO] PluginManager:220 - loadIPPluginJar : add dfsdm
2023-10-07 22:49:02,637 [INFO] IPUIPlugin:80 - create IPUIPlugin
2023-10-07 22:49:02,638 [INFO] PluginManager:220 - loadIPPluginJar : add lorawan
2023-10-07 22:49:02,639 [INFO] IPUIPlugin:80 - create IPUIPlugin
2023-10-07 22:49:02,639 [INFO] PluginManager:220 - loadIPPluginJar : add i2c
2023-10-07 22:49:02,640 [INFO] IPUIPlugin:80 - create IPUIPlugin
2023-10-07 22:49:02,640 [INFO] PluginManager:220 - loadIPPluginJar : add can
2023-10-07 22:49:02,641 [INFO] IPUIPlugin:80 - create IPUIPlugin
2023-10-07 22:49:02,641 [INFO] PluginManager:220 - loadIPPluginJar : add tim
2023-10-07 22:49:02,645 [INFO] IPUIPlugin:80 - create IPUIPlugin
2023-10-07 22:49:02,646 [INFO] PluginManager:220 - loadIPPluginJar : add linkedlist
2023-10-07 22:49:02,647 [INFO] IPUIPlugin:80 - create IPUIPlugin
2023-10-07 22:49:02,647 [INFO] PluginManager:220 - loadIPPluginJar : add aes
2023-10-07 22:49:02,740 [INFO] CADModel:165 - CPN selected for project level
2023-10-07 22:49:02,740 [INFO] CADModel:114 - Register for checkConnection events
2023-10-07 22:49:02,740 [FATAL] Updater:308 - Updater called before beeing initialized
2023-10-07 22:49:02,740 [ERROR] CADModel:125 - Updater not yet initialized, retry later 
2023-10-07 22:49:02,814 [INFO] CADModel:165 - CPN selected for project level
2023-10-07 22:49:02,814 [INFO] CADModel:114 - Register for checkConnection events
2023-10-07 22:49:02,814 [FATAL] Updater:308 - Updater called before beeing initialized
2023-10-07 22:49:02,814 [ERROR] CADModel:125 - Updater not yet initialized, retry later 
2023-10-07 22:49:02,817 [FATAL] Updater:308 - Updater called before beeing initialized
2023-10-07 22:49:02,889 [FATAL] Updater:308 - Updater called before beeing initialized
2023-10-07 22:49:02,894 [INFO] DbMcusAds:53 - JSON generation date=Tue Mar 07 15:50:55 ICT 2023 (1678179055114)
2023-10-07 22:49:02,894 [FATAL] Updater:308 - Updater called before beeing initialized
2023-10-07 22:49:02,924 [WARN] DetailPanel:346 - Failed to get advertising image, set to default
2023-10-07 22:49:02,989 [FATAL] Updater:308 - Updater called before beeing initialized
2023-10-07 22:49:02,990 [FATAL] Updater:308 - Updater called before beeing initialized
2023-10-07 22:49:02,990 [FATAL] Updater:308 - Updater called before beeing initialized
2023-10-07 22:49:02,990 [WARN] DetailPanel:346 - Failed to get advertising image, set to default
2023-10-07 22:49:02,991 [FATAL] Updater:308 - Updater called before beeing initialized
2023-10-07 22:49:03,011 [ERROR] Updater:1120 - MainUpdater not yet initialized. External WinMGr cannot be set.
2023-10-07 22:49:03,013 [INFO] Updater:1056 - Updater Version found : 6.9.2
2023-10-07 22:49:03,028 [INFO] ApplicationProperties:184 - Using Application install path: /opt/st/stm32cubeide_1.13.2/plugins/com.st.stm32cube.common.mx_6.9.2.202309101412
2023-10-07 22:49:03,174 [INFO] MainUpdater:2868 - connection check result : 10
2023-10-07 22:49:03,175 [INFO] MainUpdater:285 - Updater Check For Update Now.
2023-10-07 22:49:03,175 [INFO] MicroXplorer:498 - Change Database Version : DB.6.0.92
2023-10-07 22:49:03,179 [INFO] McuFinderGlobals:63 - Set McuFinder mode to 2 (CubeIDE integrated)
2023-10-07 22:49:03,179 [INFO] UserAuth:179 - activating auth plugin
2023-10-07 22:49:03,181 [INFO] UserAuth:393 - Internet connection configuration mode: 1
2023-10-07 22:49:03,188 [INFO] JxBrowserEngine:151 - Initiate JxBrowser Engine with user profile folder
2023-10-07 22:49:03,346 [INFO] CheckServerUpdateThread:120 - End of CheckServer Thread
2023-10-07 22:49:03,643 [INFO] WebApp:157 - Instantiating new browser for Auth
2023-10-07 22:49:03,943 [INFO] WebApp:753 - Register for checkConnection events
2023-10-07 22:49:03,944 [INFO] WebApp:390 - Apply proxy settings
2023-10-07 22:49:03,944 [INFO] WebApp:475 - Chromium requires no authentication
2023-10-07 22:49:03,948 [INFO] WebApp:418 - Direct internet connection detected
2023-10-07 22:49:04,040 [INFO] WebApp:188 - Starting web application
2023-10-07 22:49:04,040 [INFO] WebApp:520 - Web application path used /opt/st/stm32cubeide_1.13.2/plugins/com.st.stm32cube.common.mx_6.9.2.202309101412/db/plugins/mcufinder/reactClient1/index.html
2023-10-07 22:49:05,326 [WARN] PackLoader:240 - Cannot read IP mode file for STMicroelectronics.X-CUBE-SMBUS.2.1.0
2023-10-07 22:49:05,358 [WARN] PackLoader:240 - Cannot read IP mode file for STMicroelectronics.X-CUBE-AZRTOS-F7.1.1.0
2023-10-07 22:49:05,368 [WARN] PackLoader:240 - Cannot read IP mode file for STMicroelectronics.FP-SNS-MOTENV1.4.3.2
2023-10-07 22:49:05,374 [WARN] PackLoader:240 - Cannot read IP mode file for STMicroelectronics.FP-SNS-FLIGHT1.5.0.2
2023-10-07 22:49:05,380 [WARN] PackLoader:240 - Cannot read IP mode file for STMicroelectronics.X-CUBE-DISPLAY.3.0.0
2023-10-07 22:49:05,392 [WARN] PackLoader:240 - Cannot read IP mode file for STMicroelectronics.X-CUBE-BLE1.7.0.0
2023-10-07 22:49:05,397 [WARN] PackLoader:240 - Cannot read IP mode file for emotas.I-CUBE-CANOPEN.1.3.0
2023-10-07 22:49:05,401 [WARN] PackLoader:240 - Cannot read IP mode file for STMicroelectronics.X-CUBE-TOUCHGFX.4.22.1
2023-10-07 22:49:05,404 [WARN] PackLoader:240 - Cannot read IP mode file for STMicroelectronics.FP-SNS-SMARTAG2.1.2.0
2023-10-07 22:49:05,415 [INFO] LogOutputStream:77 - [STDOUT_REDIRECT] 1 : Invalid condition id : UX_CORESTACK_Condition cause : null
2023-10-07 22:49:05,415 [INFO] LogOutputStream:77 - [STDOUT_REDIRECT] 1 : Invalid condition id : UX_CORESTACK_Condition cause : null
2023-10-07 22:49:05,416 [INFO] LogOutputStream:77 - [STDOUT_REDIRECT] 1 : Invalid condition id : UX_CORESTACK_Condition cause : null
2023-10-07 22:49:05,416 [INFO] LogOutputStream:77 - [STDOUT_REDIRECT] 1 : Invalid condition id : UX_CORESTACK_Condition cause : null
2023-10-07 22:49:05,416 [INFO] LogOutputStream:77 - [STDOUT_REDIRECT] 1 : Invalid condition id : UX_CORESTACK_Condition cause : null
2023-10-07 22:49:05,422 [WARN] PackLoader:240 - Cannot read IP mode file for STMicroelectronics.X-CUBE-AZRTOS-WL.2.0.0
2023-10-07 22:49:05,429 [WARN] PackLoader:240 - Cannot read IP mode file for WES.I-CUBE-Cesium.1.3.0
2023-10-07 22:49:05,434 [WARN] PackLoader:240 - Cannot read IP mode file for STMicroelectronics.X-CUBE-BLE2.3.3.0
2023-10-07 22:49:05,440 [WARN] PackLoader:240 - Cannot read IP mode file for STMicroelectronics.X-CUBE-ALGOBUILD.1.3.0
2023-10-07 22:49:05,459 [WARN] PackLoader:240 - Cannot read IP mode file for STMicroelectronics.X-CUBE-AZRTOS-G0.1.1.0
2023-10-07 22:49:05,466 [WARN] PackLoader:240 - Cannot read IP mode file for STMicroelectronics.X-CUBE-NFC4.3.0.0
2023-10-07 22:49:05,469 [WARN] PackLoader:240 - Cannot read IP mode file for STMicroelectronics.FP-ATR-SIGFOX1.3.2.0
2023-10-07 22:49:05,501 [WARN] PackLoader:240 - Cannot read IP mode file for SEGGER.I-CUBE-embOS.1.3.1
2023-10-07 22:49:05,536 [WARN] PackLoader:240 - Cannot read IP mode file for STMicroelectronics.X-CUBE-GNSS1.6.0.0
2023-10-07 22:49:05,559 [WARN] PackLoader:240 - Cannot read IP mode file for STMicroelectronics.X-CUBE-AZRTOS-F4.1.1.0
2023-10-07 22:49:05,566 [WARN] PackLoader:240 - Cannot read IP mode file for wolfSSL.I-CUBE-wolfSSL.5.6.3
2023-10-07 22:49:05,587 [WARN] PackLoader:240 - Cannot read IP mode file for STMicroelectronics.X-CUBE-AZRTOS-L5.2.0.0
2023-10-07 22:49:05,657 [WARN] PackLoader:240 - Cannot read IP mode file for STMicroelectronics.X-CUBE-MEMS1.9.6.0
2023-10-07 22:49:05,867 [WARN] PackLoader:240 - Cannot read IP mode file for ITTIA_DB.I-CUBE-ITTIADB.8.8.0
2023-10-07 22:49:05,874 [WARN] PackLoader:240 - Cannot read IP mode file for STMicroelectronics.X-CUBE-BLEMGR.2.0.0
2023-10-07 22:49:05,893 [WARN] ConditionMgr:438 - getConditionDescription Invalid condition id : UX DEVICE CLASS RTOS Condition cause : null
2023-10-07 22:49:05,894 [WARN] ConditionMgr:438 - getConditionDescription Invalid condition id : UX DEVICE CLASS RTOS Condition cause : null
2023-10-07 22:49:05,897 [WARN] PackLoader:240 - Cannot read IP mode file for STMicroelectronics.X-CUBE-AZRTOS-H7.3.1.0
